#
# There is insufficient memory for the Java Runtime Environment to continue.
# Native memory allocation (malloc) failed to allocate 32744 bytes for ChunkPool::allocate
# Possible reasons:
#   The system is out of physical RAM or swap space
#   The process is running with CompressedOops enabled, and the Java Heap may be blocking the growth of the native heap
# Possible solutions:
#   Reduce memory load on the system
#   Increase physical memory or swap space
#   Check if swap backing store is full
#   Decrease Java heap size (-Xmx/-Xms)
#   Decrease number of Java threads
#   Decrease Java thread stack sizes (-Xss)
#   Set larger code cache with -XX:ReservedCodeCacheSize=
#   JVM is running with Unscaled Compressed Oops mode in which the Java heap is
#     placed in the first 4GB address space. The Java Heap base address is the
#     maximum limit for the native heap growth. Please use -XX:HeapBaseMinAddress
#     to set the Java Heap base and to place the Java Heap above 4GB virtual address.
# This output file may be truncated or incomplete.
#
#  Out of Memory Error (./open/src/hotspot/share/memory/arena.cpp:79), pid=12120, tid=4620
#
# JRE version: OpenJDK Runtime Environment (14.0.1+7) (build 14.0.1+7)
# Java VM: OpenJDK 64-Bit Server VM (14.0.1+7, mixed mode, sharing, tiered, compressed oops, g1 gc, windows-amd64)
# No core dump will be written. Minidumps are not enabled by default on client versions of Windows
#

---------------  S U M M A R Y ------------

Command Line: -XX:TieredStopAtLevel=1 -Dspring.output.ansi.enabled=always -Dcom.sun.management.jmxremote -Dspring.jmx.enabled=true -Dspring.liveBeansView.mbeanDomain -Dspring.application.admin.enabled=true -Dmanagement.endpoints.jmx.exposure.include=* -javaagent:C:\Program Files\JetBrains\IntelliJ IDEA 2023.1\lib\idea_rt.jar=50211:C:\Program Files\JetBrains\IntelliJ IDEA 2023.1\bin -Dfile.encoding=UTF-8 com.example.demo.DemoApplication

Host: AMD Ryzen 3 3200U with Radeon Vega Mobile Gfx  , 4 cores, 5G,  Windows 10 , 64 bit Build 19041 (10.0.19041.2788)
Time: Tue Apr 25 18:36:55 2023 Астраханское стандартное время elapsed time: 0 seconds (0d 0h 0m 0s)

---------------  T H R E A D  ---------------

Current thread (0x000001a86229f800):  JavaThread "C1 CompilerThread0" daemon [_thread_in_native, id=4620, stack(0x0000007460200000,0x0000007460300000)]


Current CompileTask:
C1:    747  407       1       jdk.internal.org.objectweb.asm.Frame::execute (2305 bytes)

Stack: [0x0000007460200000,0x0000007460300000]
Native frames: (J=compiled Java code, j=interpreted, Vv=VM code, C=native code)
V  [jvm.dll+0x5f840a]
V  [jvm.dll+0x741e4a]
V  [jvm.dll+0x7435ff]
V  [jvm.dll+0x743c43]
V  [jvm.dll+0x20d288]
V  [jvm.dll+0xabea6]
V  [jvm.dll+0xac1fc]
V  [jvm.dll+0xfd9f6]
V  [jvm.dll+0x15de03]
V  [jvm.dll+0x15e4f3]
V  [jvm.dll+0x117b55]
V  [jvm.dll+0x1173cf]
V  [jvm.dll+0x1175ff]
V  [jvm.dll+0x116884]
V  [jvm.dll+0x1187d7]
V  [jvm.dll+0x1f4105]
V  [jvm.dll+0x1f22eb]
V  [jvm.dll+0x706a9d]
V  [jvm.dll+0x6ff8ba]
V  [jvm.dll+0x5f72c6]
C  [ucrtbase.dll+0x21bb2]
C  [KERNEL32.DLL+0x17604]
C  [ntdll.dll+0x526a1]


---------------  P R O C E S S  ---------------

Threads class SMR info:
_java_thread_list=0x000001a862dfdf20, length=11, elements={
0x000001a844da1000, 0x000001a86227c000, 0x000001a86227d800, 0x000001a862297000,
0x000001a86229a800, 0x000001a86229e800, 0x000001a86229f800, 0x000001a8622a4000,
0x000001a862c99000, 0x000001a862e49000, 0x000001a862e4a000
}

Java Threads: ( => current thread )
  0x000001a844da1000 JavaThread "main" [_thread_in_vm, id=6216, stack(0x000000745f600000,0x000000745f700000)]
  0x000001a86227c000 JavaThread "Reference Handler" daemon [_thread_blocked, id=10576, stack(0x000000745fd00000,0x000000745fe00000)]
  0x000001a86227d800 JavaThread "Finalizer" daemon [_thread_blocked, id=10052, stack(0x000000745fe00000,0x000000745ff00000)]
  0x000001a862297000 JavaThread "Signal Dispatcher" daemon [_thread_blocked, id=1304, stack(0x000000745ff00000,0x0000007460000000)]
  0x000001a86229a800 JavaThread "Attach Listener" daemon [_thread_blocked, id=1692, stack(0x0000007460000000,0x0000007460100000)]
  0x000001a86229e800 JavaThread "Service Thread" daemon [_thread_blocked, id=12020, stack(0x0000007460100000,0x0000007460200000)]
=>0x000001a86229f800 JavaThread "C1 CompilerThread0" daemon [_thread_in_native, id=4620, stack(0x0000007460200000,0x0000007460300000)]
  0x000001a8622a4000 JavaThread "Sweeper thread" daemon [_thread_blocked, id=9708, stack(0x0000007460300000,0x0000007460400000)]
  0x000001a862c99000 JavaThread "Common-Cleaner" daemon [_thread_blocked, id=6620, stack(0x0000007460400000,0x0000007460500000)]
  0x000001a862e49000 JavaThread "Monitor Ctrl-Break" daemon [_thread_in_native, id=11560, stack(0x0000007460500000,0x0000007460600000)]
  0x000001a862e4a000 JavaThread "Notification Thread" daemon [_thread_blocked, id=8356, stack(0x0000007460600000,0x0000007460700000)]

Other Threads:
  0x000001a862277000 VMThread "VM Thread" [stack: 0x000000745fc00000,0x000000745fd00000] [id=4128]
  0x000001a844ddb800 GCTaskThread "GC Thread#0" [stack: 0x000000745f700000,0x000000745f800000] [id=10468]
  0x000001a844deb000 ConcurrentGCThread "G1 Main Marker" [stack: 0x000000745f800000,0x000000745f900000] [id=2720]
  0x000001a844dec800 ConcurrentGCThread "G1 Conc#0" [stack: 0x000000745f900000,0x000000745fa00000] [id=10796]
  0x000001a844e5b000 ConcurrentGCThread "G1 Refine#0" [stack: 0x000000745fa00000,0x000000745fb00000] [id=2284]
  0x000001a844e5c800 ConcurrentGCThread "G1 Young RemSet Sampling" [stack: 0x000000745fb00000,0x000000745fc00000] [id=8372]

Threads with active compile tasks:
C1 CompilerThread0      802  407       1       jdk.internal.org.objectweb.asm.Frame::execute (2305 bytes)

VM state:not at safepoint (normal execution)

VM Mutex/Monitor currently owned by a thread: None

Heap address: 0x00000000a0c00000, size: 1524 MB, Compressed Oops mode: 32-bit
Narrow klass base: 0x0000000800000000, Narrow klass shift: 3
Compressed class space size: 1073741824 Address: 0x0000000800b30000

Heap:
 garbage-first heap   total 98304K, used 4096K [0x00000000a0c00000, 0x0000000100000000)
  region size 1024K, 6 young (6144K), 0 survivors (0K)
 Metaspace       used 2562K, capacity 4683K, committed 4864K, reserved 1056768K
  class space    used 325K, capacity 458K, committed 512K, reserved 1048576K
Heap Regions: E=young(eden), S=young(survivor), O=old, HS=humongous(starts), HC=humongous(continues), CS=collection set, F=free, OA=open archive, CA=closed archive, TAMS=top-at-mark-start (previous, next)
|   0|0x00000000a0c00000, 0x00000000a0c00000, 0x00000000a0d00000|  0%| F|  |TAMS 0x00000000a0c00000, 0x00000000a0c00000| Untracked 
|   1|0x00000000a0d00000, 0x00000000a0d00000, 0x00000000a0e00000|  0%| F|  |TAMS 0x00000000a0d00000, 0x00000000a0d00000| Untracked 
|   2|0x00000000a0e00000, 0x00000000a0e00000, 0x00000000a0f00000|  0%| F|  |TAMS 0x00000000a0e00000, 0x00000000a0e00000| Untracked 
|   3|0x00000000a0f00000, 0x00000000a0f00000, 0x00000000a1000000|  0%| F|  |TAMS 0x00000000a0f00000, 0x00000000a0f00000| Untracked 
|   4|0x00000000a1000000, 0x00000000a1000000, 0x00000000a1100000|  0%| F|  |TAMS 0x00000000a1000000, 0x00000000a1000000| Untracked 
|   5|0x00000000a1100000, 0x00000000a1100000, 0x00000000a1200000|  0%| F|  |TAMS 0x00000000a1100000, 0x00000000a1100000| Untracked 
|   6|0x00000000a1200000, 0x00000000a1200000, 0x00000000a1300000|  0%| F|  |TAMS 0x00000000a1200000, 0x00000000a1200000| Untracked 
|   7|0x00000000a1300000, 0x00000000a1300000, 0x00000000a1400000|  0%| F|  |TAMS 0x00000000a1300000, 0x00000000a1300000| Untracked 
|   8|0x00000000a1400000, 0x00000000a1400000, 0x00000000a1500000|  0%| F|  |TAMS 0x00000000a1400000, 0x00000000a1400000| Untracked 
|   9|0x00000000a1500000, 0x00000000a1500000, 0x00000000a1600000|  0%| F|  |TAMS 0x00000000a1500000, 0x00000000a1500000| Untracked 
|  10|0x00000000a1600000, 0x00000000a1600000, 0x00000000a1700000|  0%| F|  |TAMS 0x00000000a1600000, 0x00000000a1600000| Untracked 
|  11|0x00000000a1700000, 0x00000000a1700000, 0x00000000a1800000|  0%| F|  |TAMS 0x00000000a1700000, 0x00000000a1700000| Untracked 
|  12|0x00000000a1800000, 0x00000000a1800000, 0x00000000a1900000|  0%| F|  |TAMS 0x00000000a1800000, 0x00000000a1800000| Untracked 
|  13|0x00000000a1900000, 0x00000000a1900000, 0x00000000a1a00000|  0%| F|  |TAMS 0x00000000a1900000, 0x00000000a1900000| Untracked 
|  14|0x00000000a1a00000, 0x00000000a1a00000, 0x00000000a1b00000|  0%| F|  |TAMS 0x00000000a1a00000, 0x00000000a1a00000| Untracked 
|  15|0x00000000a1b00000, 0x00000000a1b00000, 0x00000000a1c00000|  0%| F|  |TAMS 0x00000000a1b00000, 0x00000000a1b00000| Untracked 
|  16|0x00000000a1c00000, 0x00000000a1c00000, 0x00000000a1d00000|  0%| F|  |TAMS 0x00000000a1c00000, 0x00000000a1c00000| Untracked 
|  17|0x00000000a1d00000, 0x00000000a1d00000, 0x00000000a1e00000|  0%| F|  |TAMS 0x00000000a1d00000, 0x00000000a1d00000| Untracked 
|  18|0x00000000a1e00000, 0x00000000a1e00000, 0x00000000a1f00000|  0%| F|  |TAMS 0x00000000a1e00000, 0x00000000a1e00000| Untracked 
|  19|0x00000000a1f00000, 0x00000000a1f00000, 0x00000000a2000000|  0%| F|  |TAMS 0x00000000a1f00000, 0x00000000a1f00000| Untracked 
|  20|0x00000000a2000000, 0x00000000a2000000, 0x00000000a2100000|  0%| F|  |TAMS 0x00000000a2000000, 0x00000000a2000000| Untracked 
|  21|0x00000000a2100000, 0x00000000a2100000, 0x00000000a2200000|  0%| F|  |TAMS 0x00000000a2100000, 0x00000000a2100000| Untracked 
|  22|0x00000000a2200000, 0x00000000a2200000, 0x00000000a2300000|  0%| F|  |TAMS 0x00000000a2200000, 0x00000000a2200000| Untracked 
|  23|0x00000000a2300000, 0x00000000a2300000, 0x00000000a2400000|  0%| F|  |TAMS 0x00000000a2300000, 0x00000000a2300000| Untracked 
|  24|0x00000000a2400000, 0x00000000a2400000, 0x00000000a2500000|  0%| F|  |TAMS 0x00000000a2400000, 0x00000000a2400000| Untracked 
|  25|0x00000000a2500000, 0x00000000a2500000, 0x00000000a2600000|  0%| F|  |TAMS 0x00000000a2500000, 0x00000000a2500000| Untracked 
|  26|0x00000000a2600000, 0x00000000a2600000, 0x00000000a2700000|  0%| F|  |TAMS 0x00000000a2600000, 0x00000000a2600000| Untracked 
|  27|0x00000000a2700000, 0x00000000a2700000, 0x00000000a2800000|  0%| F|  |TAMS 0x00000000a2700000, 0x00000000a2700000| Untracked 
|  28|0x00000000a2800000, 0x00000000a2800000, 0x00000000a2900000|  0%| F|  |TAMS 0x00000000a2800000, 0x00000000a2800000| Untracked 
|  29|0x00000000a2900000, 0x00000000a2900000, 0x00000000a2a00000|  0%| F|  |TAMS 0x00000000a2900000, 0x00000000a2900000| Untracked 
|  30|0x00000000a2a00000, 0x00000000a2a00000, 0x00000000a2b00000|  0%| F|  |TAMS 0x00000000a2a00000, 0x00000000a2a00000| Untracked 
|  31|0x00000000a2b00000, 0x00000000a2b00000, 0x00000000a2c00000|  0%| F|  |TAMS 0x00000000a2b00000, 0x00000000a2b00000| Untracked 
|  32|0x00000000a2c00000, 0x00000000a2c00000, 0x00000000a2d00000|  0%| F|  |TAMS 0x00000000a2c00000, 0x00000000a2c00000| Untracked 
|  33|0x00000000a2d00000, 0x00000000a2d00000, 0x00000000a2e00000|  0%| F|  |TAMS 0x00000000a2d00000, 0x00000000a2d00000| Untracked 
|  34|0x00000000a2e00000, 0x00000000a2e00000, 0x00000000a2f00000|  0%| F|  |TAMS 0x00000000a2e00000, 0x00000000a2e00000| Untracked 
|  35|0x00000000a2f00000, 0x00000000a2f00000, 0x00000000a3000000|  0%| F|  |TAMS 0x00000000a2f00000, 0x00000000a2f00000| Untracked 
|  36|0x00000000a3000000, 0x00000000a3000000, 0x00000000a3100000|  0%| F|  |TAMS 0x00000000a3000000, 0x00000000a3000000| Untracked 
|  37|0x00000000a3100000, 0x00000000a3100000, 0x00000000a3200000|  0%| F|  |TAMS 0x00000000a3100000, 0x00000000a3100000| Untracked 
|  38|0x00000000a3200000, 0x00000000a3200000, 0x00000000a3300000|  0%| F|  |TAMS 0x00000000a3200000, 0x00000000a3200000| Untracked 
|  39|0x00000000a3300000, 0x00000000a3300000, 0x00000000a3400000|  0%| F|  |TAMS 0x00000000a3300000, 0x00000000a3300000| Untracked 
|  40|0x00000000a3400000, 0x00000000a3400000, 0x00000000a3500000|  0%| F|  |TAMS 0x00000000a3400000, 0x00000000a3400000| Untracked 
|  41|0x00000000a3500000, 0x00000000a3500000, 0x00000000a3600000|  0%| F|  |TAMS 0x00000000a3500000, 0x00000000a3500000| Untracked 
|  42|0x00000000a3600000, 0x00000000a3600000, 0x00000000a3700000|  0%| F|  |TAMS 0x00000000a3600000, 0x00000000a3600000| Untracked 
|  43|0x00000000a3700000, 0x00000000a3700000, 0x00000000a3800000|  0%| F|  |TAMS 0x00000000a3700000, 0x00000000a3700000| Untracked 
|  44|0x00000000a3800000, 0x00000000a3800000, 0x00000000a3900000|  0%| F|  |TAMS 0x00000000a3800000, 0x00000000a3800000| Untracked 
|  45|0x00000000a3900000, 0x00000000a3900000, 0x00000000a3a00000|  0%| F|  |TAMS 0x00000000a3900000, 0x00000000a3900000| Untracked 
|  46|0x00000000a3a00000, 0x00000000a3a00000, 0x00000000a3b00000|  0%| F|  |TAMS 0x00000000a3a00000, 0x00000000a3a00000| Untracked 
|  47|0x00000000a3b00000, 0x00000000a3b00000, 0x00000000a3c00000|  0%| F|  |TAMS 0x00000000a3b00000, 0x00000000a3b00000| Untracked 
|  48|0x00000000a3c00000, 0x00000000a3c00000, 0x00000000a3d00000|  0%| F|  |TAMS 0x00000000a3c00000, 0x00000000a3c00000| Untracked 
|  49|0x00000000a3d00000, 0x00000000a3d00000, 0x00000000a3e00000|  0%| F|  |TAMS 0x00000000a3d00000, 0x00000000a3d00000| Untracked 
|  50|0x00000000a3e00000, 0x00000000a3e00000, 0x00000000a3f00000|  0%| F|  |TAMS 0x00000000a3e00000, 0x00000000a3e00000| Untracked 
|  51|0x00000000a3f00000, 0x00000000a3f00000, 0x00000000a4000000|  0%| F|  |TAMS 0x00000000a3f00000, 0x00000000a3f00000| Untracked 
|  52|0x00000000a4000000, 0x00000000a4000000, 0x00000000a4100000|  0%| F|  |TAMS 0x00000000a4000000, 0x00000000a4000000| Untracked 
|  53|0x00000000a4100000, 0x00000000a4100000, 0x00000000a4200000|  0%| F|  |TAMS 0x00000000a4100000, 0x00000000a4100000| Untracked 
|  54|0x00000000a4200000, 0x00000000a4200000, 0x00000000a4300000|  0%| F|  |TAMS 0x00000000a4200000, 0x00000000a4200000| Untracked 
|  55|0x00000000a4300000, 0x00000000a4300000, 0x00000000a4400000|  0%| F|  |TAMS 0x00000000a4300000, 0x00000000a4300000| Untracked 
|  56|0x00000000a4400000, 0x00000000a4400000, 0x00000000a4500000|  0%| F|  |TAMS 0x00000000a4400000, 0x00000000a4400000| Untracked 
|  57|0x00000000a4500000, 0x00000000a4500000, 0x00000000a4600000|  0%| F|  |TAMS 0x00000000a4500000, 0x00000000a4500000| Untracked 
|  58|0x00000000a4600000, 0x00000000a4600000, 0x00000000a4700000|  0%| F|  |TAMS 0x00000000a4600000, 0x00000000a4600000| Untracked 
|  59|0x00000000a4700000, 0x00000000a4700000, 0x00000000a4800000|  0%| F|  |TAMS 0x00000000a4700000, 0x00000000a4700000| Untracked 
|  60|0x00000000a4800000, 0x00000000a4800000, 0x00000000a4900000|  0%| F|  |TAMS 0x00000000a4800000, 0x00000000a4800000| Untracked 
|  61|0x00000000a4900000, 0x00000000a4900000, 0x00000000a4a00000|  0%| F|  |TAMS 0x00000000a4900000, 0x00000000a4900000| Untracked 
|  62|0x00000000a4a00000, 0x00000000a4a00000, 0x00000000a4b00000|  0%| F|  |TAMS 0x00000000a4a00000, 0x00000000a4a00000| Untracked 
|  63|0x00000000a4b00000, 0x00000000a4b00000, 0x00000000a4c00000|  0%| F|  |TAMS 0x00000000a4b00000, 0x00000000a4b00000| Untracked 
|  64|0x00000000a4c00000, 0x00000000a4c00000, 0x00000000a4d00000|  0%| F|  |TAMS 0x00000000a4c00000, 0x00000000a4c00000| Untracked 
|  65|0x00000000a4d00000, 0x00000000a4d00000, 0x00000000a4e00000|  0%| F|  |TAMS 0x00000000a4d00000, 0x00000000a4d00000| Untracked 
|  66|0x00000000a4e00000, 0x00000000a4e00000, 0x00000000a4f00000|  0%| F|  |TAMS 0x00000000a4e00000, 0x00000000a4e00000| Untracked 
|  67|0x00000000a4f00000, 0x00000000a4f00000, 0x00000000a5000000|  0%| F|  |TAMS 0x00000000a4f00000, 0x00000000a4f00000| Untracked 
|  68|0x00000000a5000000, 0x00000000a5000000, 0x00000000a5100000|  0%| F|  |TAMS 0x00000000a5000000, 0x00000000a5000000| Untracked 
|  69|0x00000000a5100000, 0x00000000a5100000, 0x00000000a5200000|  0%| F|  |TAMS 0x00000000a5100000, 0x00000000a5100000| Untracked 
|  70|0x00000000a5200000, 0x00000000a5200000, 0x00000000a5300000|  0%| F|  |TAMS 0x00000000a5200000, 0x00000000a5200000| Untracked 
|  71|0x00000000a5300000, 0x00000000a5300000, 0x00000000a5400000|  0%| F|  |TAMS 0x00000000a5300000, 0x00000000a5300000| Untracked 
|  72|0x00000000a5400000, 0x00000000a5400000, 0x00000000a5500000|  0%| F|  |TAMS 0x00000000a5400000, 0x00000000a5400000| Untracked 
|  73|0x00000000a5500000, 0x00000000a5500000, 0x00000000a5600000|  0%| F|  |TAMS 0x00000000a5500000, 0x00000000a5500000| Untracked 
|  74|0x00000000a5600000, 0x00000000a5600000, 0x00000000a5700000|  0%| F|  |TAMS 0x00000000a5600000, 0x00000000a5600000| Untracked 
|  75|0x00000000a5700000, 0x00000000a5700000, 0x00000000a5800000|  0%| F|  |TAMS 0x00000000a5700000, 0x00000000a5700000| Untracked 
|  76|0x00000000a5800000, 0x00000000a5800000, 0x00000000a5900000|  0%| F|  |TAMS 0x00000000a5800000, 0x00000000a5800000| Untracked 
|  77|0x00000000a5900000, 0x00000000a5900000, 0x00000000a5a00000|  0%| F|  |TAMS 0x00000000a5900000, 0x00000000a5900000| Untracked 
|  78|0x00000000a5a00000, 0x00000000a5a00000, 0x00000000a5b00000|  0%| F|  |TAMS 0x00000000a5a00000, 0x00000000a5a00000| Untracked 
|  79|0x00000000a5b00000, 0x00000000a5b00000, 0x00000000a5c00000|  0%| F|  |TAMS 0x00000000a5b00000, 0x00000000a5b00000| Untracked 
|  80|0x00000000a5c00000, 0x00000000a5c00000, 0x00000000a5d00000|  0%| F|  |TAMS 0x00000000a5c00000, 0x00000000a5c00000| Untracked 
|  81|0x00000000a5d00000, 0x00000000a5d00000, 0x00000000a5e00000|  0%| F|  |TAMS 0x00000000a5d00000, 0x00000000a5d00000| Untracked 
|  82|0x00000000a5e00000, 0x00000000a5e00000, 0x00000000a5f00000|  0%| F|  |TAMS 0x00000000a5e00000, 0x00000000a5e00000| Untracked 
|  83|0x00000000a5f00000, 0x00000000a5f00000, 0x00000000a6000000|  0%| F|  |TAMS 0x00000000a5f00000, 0x00000000a5f00000| Untracked 
|  84|0x00000000a6000000, 0x00000000a6000000, 0x00000000a6100000|  0%| F|  |TAMS 0x00000000a6000000, 0x00000000a6000000| Untracked 
|  85|0x00000000a6100000, 0x00000000a6100000, 0x00000000a6200000|  0%| F|  |TAMS 0x00000000a6100000, 0x00000000a6100000| Untracked 
|  86|0x00000000a6200000, 0x00000000a6200000, 0x00000000a6300000|  0%| F|  |TAMS 0x00000000a6200000, 0x00000000a6200000| Untracked 
|  87|0x00000000a6300000, 0x00000000a6300000, 0x00000000a6400000|  0%| F|  |TAMS 0x00000000a6300000, 0x00000000a6300000| Untracked 
|  88|0x00000000a6400000, 0x00000000a6400000, 0x00000000a6500000|  0%| F|  |TAMS 0x00000000a6400000, 0x00000000a6400000| Untracked 
|  89|0x00000000a6500000, 0x00000000a6500000, 0x00000000a6600000|  0%| F|  |TAMS 0x00000000a6500000, 0x00000000a6500000| Untracked 
|  90|0x00000000a6600000, 0x00000000a6700000, 0x00000000a6700000|100%| E|  |TAMS 0x00000000a6600000, 0x00000000a6600000| Complete 
|  91|0x00000000a6700000, 0x00000000a6800000, 0x00000000a6800000|100%| E|CS|TAMS 0x00000000a6700000, 0x00000000a6700000| Complete 
|  92|0x00000000a6800000, 0x00000000a6900000, 0x00000000a6900000|100%| E|  |TAMS 0x00000000a6800000, 0x00000000a6800000| Complete 
|  93|0x00000000a6900000, 0x00000000a6a00000, 0x00000000a6a00000|100%| E|CS|TAMS 0x00000000a6900000, 0x00000000a6900000| Complete 
|  94|0x00000000a6a00000, 0x00000000a6b00000, 0x00000000a6b00000|100%| E|CS|TAMS 0x00000000a6a00000, 0x00000000a6a00000| Complete 
|  95|0x00000000a6b00000, 0x00000000a6c00000, 0x00000000a6c00000|100%| E|CS|TAMS 0x00000000a6b00000, 0x00000000a6b00000| Complete 

Card table byte_map: [0x000001a85c840000,0x000001a85cb40000] _byte_map_base: 0x000001a85c33a000

Marking Bits (Prev, Next): (CMBitMap*) 0x000001a844ddd1a8, (CMBitMap*) 0x000001a844ddd1e8
 Prev Bits: [0x000001a85ce40000, 0x000001a85e610000)
 Next Bits: [0x000001a85e610000, 0x000001a85fde0000)

Polling page: 0x000001a842f50000

Metaspace:

Usage:
  Non-class:      4.13 MB capacity,     2.22 MB ( 54%) used,     1.91 MB ( 46%) free+waste,     7.94 KB ( <1%) overhead. 
      Class:    461.00 KB capacity,   328.71 KB ( 71%) used,   127.48 KB ( 28%) free+waste,     4.81 KB (  1%) overhead. 
       Both:      4.58 MB capacity,     2.54 MB ( 55%) used,     2.03 MB ( 44%) free+waste,    12.75 KB ( <1%) overhead. 

Virtual space:
  Non-class space:        8.00 MB reserved,       4.25 MB ( 53%) committed 
      Class space:        1.00 GB reserved,     512.00 KB ( <1%) committed 
             Both:        1.01 GB reserved,       4.75 MB ( <1%) committed 

Chunk freelists:
   Non-Class:  0 bytes
       Class:  0 bytes
        Both:  0 bytes

MaxMetaspaceSize: 17179869184.00 GB
CompressedClassSpaceSize: 1.00 GB

CodeHeap 'non-profiled nmethods': size=238912Kb used=472Kb max_used=472Kb free=238439Kb
 bounds [0x000001a84dbf0000, 0x000001a84de60000, 0x000001a85c540000]
CodeHeap 'non-nmethods': size=6848Kb used=1151Kb max_used=1151Kb free=5696Kb
 bounds [0x000001a84d540000, 0x000001a84d7b0000, 0x000001a84dbf0000]
 total_blobs=1103 nmethods=424 adapters=334
 compilation: enabled
              stopped_count=0, restarted_count=0
 full_count=0

Compilation events (20 events):
Event: 0.736 Thread 0x000001a86229f800 nmethod 396 0x000001a84dc60290 code [0x000001a84dc60420, 0x000001a84dc604f8]
Event: 0.736 Thread 0x000001a86229f800  397       1       jdk.internal.org.objectweb.asm.Handler::getExceptionTableLength (21 bytes)
Event: 0.736 Thread 0x000001a86229f800 nmethod 397 0x000001a84dc60590 code [0x000001a84dc60720, 0x000001a84dc607d8]
Event: 0.736 Thread 0x000001a86229f800  399       1       sun.reflect.generics.parser.SignatureParser::current (59 bytes)
Event: 0.737 Thread 0x000001a86229f800 nmethod 399 0x000001a84dc60890 code [0x000001a84dc60a40, 0x000001a84dc60c78]
Event: 0.737 Thread 0x000001a86229f800  398       1       java.lang.String::startsWith (7 bytes)
Event: 0.737 Thread 0x000001a86229f800 nmethod 398 0x000001a84dc60e10 code [0x000001a84dc60fa0, 0x000001a84dc610a8]
Event: 0.740 Thread 0x000001a86229f800  400       1       java.lang.CharacterDataLatin1::toUpperCase (53 bytes)
Event: 0.740 Thread 0x000001a86229f800 nmethod 400 0x000001a84dc61110 code [0x000001a84dc612a0, 0x000001a84dc613f8]
Event: 0.740 Thread 0x000001a86229f800  401       1       java.lang.StringLatin1::getChar (9 bytes)
Event: 0.740 Thread 0x000001a86229f800 nmethod 401 0x000001a84dc61510 code [0x000001a84dc616a0, 0x000001a84dc61778]
Event: 0.740 Thread 0x000001a86229f800  402       1       java.lang.Character::toLowerCase (9 bytes)
Event: 0.740 Thread 0x000001a86229f800 nmethod 402 0x000001a84dc61810 code [0x000001a84dc619c0, 0x000001a84dc61a98]
Event: 0.741 Thread 0x000001a86229f800  403       1       java.lang.Character::toLowerCase (6 bytes)
Event: 0.741 Thread 0x000001a86229f800 nmethod 403 0x000001a84dc61b10 code [0x000001a84dc61cc0, 0x000001a84dc61db8]
Event: 0.741 Thread 0x000001a86229f800  404       1       java.lang.StringLatin1::compareToCI (108 bytes)
Event: 0.741 Thread 0x000001a86229f800 nmethod 404 0x000001a84dc61e90 code [0x000001a84dc62080, 0x000001a84dc62358]
Event: 0.741 Thread 0x000001a86229f800  405       1       java.lang.invoke.LambdaForm::forceInterpretation (14 bytes)
Event: 0.742 Thread 0x000001a86229f800 nmethod 405 0x000001a84dc62610 code [0x000001a84dc627a0, 0x000001a84dc62898]
Event: 0.742 Thread 0x000001a86229f800  407       1       jdk.internal.org.objectweb.asm.Frame::execute (2305 bytes)

GC Heap History (0 events):
No events

Deoptimization events (0 events):
No events

Classes unloaded (0 events):
No events

Classes redefined (0 events):
No events

Internal exceptions (3 events):
Event: 0.707 Thread 0x000001a844da1000 Exception <a 'java/lang/NoSuchMethodError'{0x00000000a67cb2c8}: 'java.lang.Object java.lang.invoke.DirectMethodHandle$Holder.invokeStaticInit(java.lang.Object, java.lang.Object, java.lang.Object)'> (0x00000000a67cb2c8) 
thrown [./open/src/hotspot/share/interpreter/linkResolver.cpp, line 766]
Event: 0.712 Thread 0x000001a844da1000 Exception <a 'java/lang/NoSuchMethodError'{0x00000000a67e4228}: 'int java.lang.invoke.DirectMethodHandle$Holder.invokeInterface(java.lang.Object, java.lang.Object)'> (0x00000000a67e4228) 
thrown [./open/src/hotspot/share/interpreter/linkResolver.cpp, line 766]
Event: 0.712 Thread 0x000001a844da1000 Exception <a 'java/lang/IncompatibleClassChangeError'{0x00000000a67e6d30}: Found class java.lang.Object, but interface was expected> (0x00000000a67e6d30) 
thrown [./open/src/hotspot/share/interpreter/linkResolver.cpp, line 832]

Events (20 events):
Event: 0.737 loading class javax/management/openmbean/TabularType done
Event: 0.737 loading class com/sun/jmx/mbeanserver/DefaultMXBeanMappingFactory$TabularMapping
Event: 0.738 loading class com/sun/jmx/mbeanserver/DefaultMXBeanMappingFactory$TabularMapping done
Event: 0.738 loading class com/sun/jmx/mbeanserver/MBeanIntrospector$MBeanInfoMaker
Event: 0.738 loading class com/sun/jmx/mbeanserver/MBeanAnalyzer$MBeanVisitor
Event: 0.738 loading class com/sun/jmx/mbeanserver/MBeanAnalyzer$MBeanVisitor done
Event: 0.738 loading class com/sun/jmx/mbeanserver/MBeanIntrospector$MBeanInfoMaker done
Event: 0.738 loading class javax/management/openmbean/OpenMBeanAttributeInfoSupport
Event: 0.739 loading class javax/management/openmbean/OpenMBeanAttributeInfo
Event: 0.739 loading class javax/management/openmbean/OpenMBeanParameterInfo
Event: 0.739 loading class javax/management/openmbean/OpenMBeanParameterInfo done
Event: 0.739 loading class javax/management/openmbean/OpenMBeanAttributeInfo done
Event: 0.739 loading class javax/management/openmbean/OpenMBeanAttributeInfoSupport done
Event: 0.742 loading class com/sun/jmx/mbeanserver/PerInterface
Event: 0.743 loading class com/sun/jmx/mbeanserver/PerInterface done
Event: 0.743 loading class com/sun/jmx/mbeanserver/PerInterface$InitMaps
Event: 0.743 loading class com/sun/jmx/mbeanserver/PerInterface$InitMaps done
Event: 0.743 loading class com/sun/jmx/mbeanserver/MXBeanLookup
Event: 0.744 loading class com/sun/jmx/mbeanserver/MXBeanLookup done
Event: 0.744 loading class com/sun/jmx/mbeanserver/WeakIdentityHashMap


Dynamic libraries:
0x00007ff780170000 - 0x00007ff78017d000 	C:\Users\user\.jdks\openjdk-14.0.1\bin\java.exe
0x00007ff9afdf0000 - 0x00007ff9affe8000 	C:\WINDOWS\SYSTEM32\ntdll.dll
0x00007ff9ae9b0000 - 0x00007ff9aea6f000 	C:\WINDOWS\System32\KERNEL32.DLL
0x00007ff9ad820000 - 0x00007ff9adafa000 	C:\WINDOWS\System32\KERNELBASE.dll
0x00007ff9ad5a0000 - 0x00007ff9ad6a0000 	C:\WINDOWS\System32\ucrtbase.dll
0x00007ff961770000 - 0x00007ff961788000 	C:\Users\user\.jdks\openjdk-14.0.1\bin\jli.dll
0x00007ff961750000 - 0x00007ff961765000 	C:\Users\user\.jdks\openjdk-14.0.1\bin\VCRUNTIME140.dll
0x00007ff9aec00000 - 0x00007ff9aed9d000 	C:\WINDOWS\System32\USER32.dll
0x00007ff9ad740000 - 0x00007ff9ad762000 	C:\WINDOWS\System32\win32u.dll
0x00007ff9adfb0000 - 0x00007ff9adfdb000 	C:\WINDOWS\System32\GDI32.dll
0x00007ff9adb50000 - 0x00007ff9adc60000 	C:\WINDOWS\System32\gdi32full.dll
0x00007ff9ad6a0000 - 0x00007ff9ad73d000 	C:\WINDOWS\System32\msvcp_win.dll
0x00007ff9996d0000 - 0x00007ff99996a000 	C:\WINDOWS\WinSxS\amd64_microsoft.windows.common-controls_6595b64144ccf1df_6.0.19041.1110_none_60b5254171f9507e\COMCTL32.dll
0x00007ff9adfe0000 - 0x00007ff9ae07e000 	C:\WINDOWS\System32\msvcrt.dll
0x00007ff9adf20000 - 0x00007ff9adf50000 	C:\WINDOWS\System32\IMM32.DLL
0x00007ff9616b0000 - 0x00007ff96174b000 	C:\Users\user\.jdks\openjdk-14.0.1\bin\msvcp140.dll
0x00007ff960b90000 - 0x00007ff9616ae000 	C:\Users\user\.jdks\openjdk-14.0.1\bin\server\jvm.dll
0x00007ff9afd00000 - 0x00007ff9afdae000 	C:\WINDOWS\System32\ADVAPI32.dll
0x00007ff9af5a0000 - 0x00007ff9af63c000 	C:\WINDOWS\System32\sechost.dll
0x00007ff9af640000 - 0x00007ff9af766000 	C:\WINDOWS\System32\RPCRT4.dll
0x00007ff9adf10000 - 0x00007ff9adf18000 	C:\WINDOWS\System32\PSAPI.DLL
0x00007ff98de50000 - 0x00007ff98de59000 	C:\WINDOWS\SYSTEM32\WSOCK32.dll
0x00007ff9ae810000 - 0x00007ff9ae87b000 	C:\WINDOWS\System32\WS2_32.dll
0x00007ff99f4b0000 - 0x00007ff99f4d7000 	C:\WINDOWS\SYSTEM32\WINMM.dll
0x00007ff9a4410000 - 0x00007ff9a441a000 	C:\WINDOWS\SYSTEM32\VERSION.dll
0x00007ff9abda0000 - 0x00007ff9abdb2000 	C:\WINDOWS\SYSTEM32\kernel.appcore.dll
0x00007ff960b80000 - 0x00007ff960b8a000 	C:\Users\user\.jdks\openjdk-14.0.1\bin\jimage.dll
0x00007ff9abb30000 - 0x00007ff9abd14000 	C:\WINDOWS\SYSTEM32\DBGHELP.DLL
0x00007ff996c20000 - 0x00007ff996c54000 	C:\WINDOWS\SYSTEM32\dbgcore.DLL
0x00007ff9adc60000 - 0x00007ff9adce2000 	C:\WINDOWS\System32\bcryptPrimitives.dll
0x00007ff9a3b70000 - 0x00007ff9a3b7e000 	C:\Users\user\.jdks\openjdk-14.0.1\bin\instrument.dll
0x00007ff960b50000 - 0x00007ff960b75000 	C:\Users\user\.jdks\openjdk-14.0.1\bin\java.dll
0x00007ff960b30000 - 0x00007ff960b46000 	C:\Users\user\.jdks\openjdk-14.0.1\bin\zip.dll
0x00007ff9aedb0000 - 0x00007ff9af4f4000 	C:\WINDOWS\System32\SHELL32.dll
0x00007ff9ab2d0000 - 0x00007ff9aba63000 	C:\WINDOWS\SYSTEM32\windows.storage.dll
0x00007ff9ae4b0000 - 0x00007ff9ae804000 	C:\WINDOWS\System32\combase.dll
0x00007ff9acf60000 - 0x00007ff9acf8e000 	C:\WINDOWS\SYSTEM32\Wldp.dll
0x00007ff9aeb50000 - 0x00007ff9aebfd000 	C:\WINDOWS\System32\SHCORE.dll
0x00007ff9ae080000 - 0x00007ff9ae0d5000 	C:\WINDOWS\System32\shlwapi.dll
0x00007ff9ad440000 - 0x00007ff9ad45f000 	C:\WINDOWS\SYSTEM32\profapi.dll
0x00007ff960b10000 - 0x00007ff960b29000 	C:\Users\user\.jdks\openjdk-14.0.1\bin\net.dll
0x00007ff9a4570000 - 0x00007ff9a467a000 	C:\WINDOWS\SYSTEM32\WINHTTP.dll
0x00007ff9acc70000 - 0x00007ff9accda000 	C:\WINDOWS\system32\mswsock.dll
0x00007ff960af0000 - 0x00007ff960b02000 	C:\Users\user\.jdks\openjdk-14.0.1\bin\nio.dll
0x00007ff989710000 - 0x00007ff98972a000 	C:\Program Files\JetBrains\IntelliJ IDEA 2023.1\bin\breakgen64.dll
0x00007ff9ac980000 - 0x00007ff9aca4b000 	C:\WINDOWS\SYSTEM32\DNSAPI.dll
0x00007ff9ac940000 - 0x00007ff9ac97c000 	C:\WINDOWS\SYSTEM32\IPHLPAPI.DLL
0x00007ff9aeda0000 - 0x00007ff9aeda8000 	C:\WINDOWS\System32\NSI.dll
0x00007ff993c00000 - 0x00007ff993c0a000 	C:\Windows\System32\rasadhlp.dll
0x00007ff994850000 - 0x00007ff9948d0000 	C:\WINDOWS\System32\fwpuclnt.dll
0x00007ff9ad570000 - 0x00007ff9ad597000 	C:\WINDOWS\System32\bcrypt.dll
0x00007ff99b310000 - 0x00007ff99b319000 	C:\Users\user\.jdks\openjdk-14.0.1\bin\management.dll
0x00007ff999980000 - 0x00007ff99998b000 	C:\Users\user\.jdks\openjdk-14.0.1\bin\management_ext.dll

dbghelp: loaded successfully - version: 4.0.5 - missing functions: none
symbol engine: initialized successfully - sym options: 0x614 - pdb path: .;C:\Users\user\.jdks\openjdk-14.0.1\bin;C:\WINDOWS\SYSTEM32;C:\WINDOWS\WinSxS\amd64_microsoft.windows.common-controls_6595b64144ccf1df_6.0.19041.1110_none_60b5254171f9507e;C:\Users\user\.jdks\openjdk-14.0.1\bin\server;C:\Program Files\JetBrains\IntelliJ IDEA 2023.1\bin

VM Arguments:
jvm_args: -XX:TieredStopAtLevel=1 -Dspring.output.ansi.enabled=always -Dcom.sun.management.jmxremote -Dspring.jmx.enabled=true -Dspring.liveBeansView.mbeanDomain -Dspring.application.admin.enabled=true -Dmanagement.endpoints.jmx.exposure.include=* -javaagent:C:\Program Files\JetBrains\IntelliJ IDEA 2023.1\lib\idea_rt.jar=50211:C:\Program Files\JetBrains\IntelliJ IDEA 2023.1\bin -Dfile.encoding=UTF-8 
java_command: com.example.demo.DemoApplication
java_class_path (initial): D:\diplom\target\classes;C:\Users\user\.m2\repository\org\springframework\boot\spring-boot-starter-web\2.6.0\spring-boot-starter-web-2.6.0.jar;C:\Users\user\.m2\repository\org\springframework\boot\spring-boot-starter\2.6.0\spring-boot-starter-2.6.0.jar;C:\Users\user\.m2\repository\org\springframework\boot\spring-boot\2.6.0\spring-boot-2.6.0.jar;C:\Users\user\.m2\repository\org\springframework\boot\spring-boot-autoconfigure\2.6.0\spring-boot-autoconfigure-2.6.0.jar;C:\Users\user\.m2\repository\org\springframework\boot\spring-boot-starter-logging\2.6.0\spring-boot-starter-logging-2.6.0.jar;C:\Users\user\.m2\repository\ch\qos\logback\logback-classic\1.2.7\logback-classic-1.2.7.jar;C:\Users\user\.m2\repository\ch\qos\logback\logback-core\1.2.7\logback-core-1.2.7.jar;C:\Users\user\.m2\repository\org\apache\logging\log4j\log4j-to-slf4j\2.14.1\log4j-to-slf4j-2.14.1.jar;C:\Users\user\.m2\repository\org\apache\logging\log4j\log4j-api\2.14.1\log4j-api-2.14.1.jar;C:\Users\user\.m2\repository\org\slf4j\jul-to-slf4j\1.7.32\jul-to-slf4j-1.7.32.jar;C:\Users\user\.m2\repository\jakarta\annotation\jakarta.annotation-api\1.3.5\jakarta.annotation-api-1.3.5.jar;C:\Users\user\.m2\repository\org\yaml\snakeyaml\1.29\snakeyaml-1.29.jar;C:\Users\user\.m2\repository\org\springframework\boot\spring-boot-starter-json\2.6.0\spring-boot-starter-json-2.6.0.jar;C:\Users\user\.m2\repository\com\fasterxml\jackson\core\jackson-databind\2.13.0\jackson-databind-2.13.0.jar;C:\Users\user\.m2\repository\com\fasterxml\jackson\core\jackson-annotations\2.13.0\jackson-annotations-2.13.0.jar;C:\Users\user\.m2\repository\com\fasterxml\jackson\core\jackson-core\2.13.0\jackson-core-2.13.0.jar;C:\Users\user\.m2\repository\com\fasterxml\jackson\datatype\jackson-datatype-jdk8\2.13.0\jackson-datatype-jdk8-2.13.0.jar;C:\Users\user\.m2\repository\com\fasterxml\jackson\datatype\jackson-datatype-jsr310\2.13.0\jackson-datatype-jsr310-2.13.0.jar;C:\Users\user\.m2\repository\com\fasterxml\jackso
Launcher Type: SUN_STANDARD

[Global flags]
     intx CICompilerCount                          = 3                                         {product} {ergonomic}
     uint ConcGCThreads                            = 1                                         {product} {ergonomic}
     uint G1ConcRefinementThreads                  = 4                                         {product} {ergonomic}
   size_t G1HeapRegionSize                         = 1048576                                   {product} {ergonomic}
    uintx GCDrainStackTargetSize                   = 64                                        {product} {ergonomic}
   size_t InitialHeapSize                          = 100663296                                 {product} {ergonomic}
     bool ManagementServer                         = true                                      {product} {command line}
   size_t MarkStackSize                            = 4194304                                   {product} {ergonomic}
   size_t MaxHeapSize                              = 1598029824                                {product} {ergonomic}
   size_t MaxNewSize                               = 958398464                                 {product} {ergonomic}
   size_t MinHeapDeltaBytes                        = 1048576                                   {product} {ergonomic}
   size_t MinHeapSize                              = 8388608                                   {product} {ergonomic}
    uintx NonNMethodCodeHeapSize                   = 6973028                                {pd product} {ergonomic}
    uintx NonProfiledCodeHeapSize                  = 244685212                              {pd product} {ergonomic}
    uintx ProfiledCodeHeapSize                     = 0                                      {pd product} {ergonomic}
    uintx ReservedCodeCacheSize                    = 251658240                              {pd product} {ergonomic}
     bool SegmentedCodeCache                       = true                                      {product} {ergonomic}
   size_t SoftMaxHeapSize                          = 1598029824                             {manageable} {ergonomic}
     intx TieredStopAtLevel                        = 1                                         {product} {command line}
     bool UseCompressedClassPointers               = true                                 {lp64_product} {ergonomic}
     bool UseCompressedOops                        = true                                 {lp64_product} {ergonomic}
     bool UseG1GC                                  = true                                      {product} {ergonomic}
     bool UseLargePagesIndividualAllocation        = false                                  {pd product} {ergonomic}

Logging:
Log output configuration:
 #0: stdout all=warning uptime,level,tags
 #1: stderr all=off uptime,level,tags

Environment Variables:
PATH=C:\Program Files (x86)\Common Files\Oracle\Java\javapath;C:\WINDOWS\system32;C:\WINDOWS;C:\WINDOWS\System32\Wbem;C:\WINDOWS\System32\WindowsPowerShell\v1.0\;C:\WINDOWS\System32\OpenSSH\;C:\Program Files\MATLAB\R2016a\runtime\win64;C:\Program Files\MATLAB\R2016a\bin;C:\Program Files\MATLAB\R2016a\polyspace\bin;C:\Program Files\Polyspace\R2020a\runtime\win64;C:\Program Files\Polyspace\R2020a\bin;C:\Program Files\Polyspace\R2020a\polyspace\bin;C:\Program Files\Microsoft SQL Server\130\Tools\Binn\;C:\Program Files\nodejs\;C:\Program Files\dotnet\;C:\Program Files\Git\cmd;C:\Users\user\AppData\Local\Packages\PythonSoftwareFoundation.Python.3.10_qbz5n2kfra8p0\LocalCache;C:\Users\user\AppData\Local\Programs\Python\Python310\;C:\Users\user\AppData\Local\Programs\Python\Python310\Scripts\;C:\Users\user\AppData\Local\Programs\Python\Python37\Scripts\;C:\Users\user\AppData\Local\Programs\Python\Python37\;C:\Users\user\AppData\Local\Programs\Python\Python311\Scripts\;C:\Users\user\AppData\Local\Programs\Python\Python311\;C:\Users\user\AppData\Roaming\npm;C:\Users\user\.dotnet\tools;
USERNAME=user
OS=Windows_NT
PROCESSOR_IDENTIFIER=AMD64 Family 23 Model 24 Stepping 1, AuthenticAMD



---------------  S Y S T E M  ---------------

OS: Windows 10 , 64 bit Build 19041 (10.0.19041.2788)
OS uptime: 0 days 0:36 hours

CPU:total 4 (initial active 4) (4 cores per cpu, 2 threads per core) family 23 model 24 stepping 1, cmov, cx8, fxsr, mmx, sse, sse2, sse3, ssse3, sse4.1, sse4.2, popcnt, avx, avx2, aes, clmul, mmxext, 3dnowpref, lzcnt, sse4a, ht, tsc, tscinvbit, tscinv, bmi1, bmi2, adx, sha, fma

Memory: 4k page, system-wide physical 6090M (957M free)
TotalPageFile size 7844M (AvailPageFile size 1M)
current process WorkingSet (physical memory assigned to process): 41M, peak: 41M
current process commit charge ("private bytes"): 172M, peak: 172M

vm_info: OpenJDK 64-Bit Server VM (14.0.1+7) for windows-amd64 JRE (14.0.1+7), built on Mar  5 2020 10:30:04 by "mach5one" with MS VC++ 15.9 (VS2017)

END.
