#
# There is insufficient memory for the Java Runtime Environment to continue.
# Native memory allocation (mmap) failed to map 20971520 bytes for Failed to commit area from 0x00000000a6c00000 to 0x00000000a8000000 of length 20971520.
# Possible reasons:
#   The system is out of physical RAM or swap space
#   The process is running with CompressedOops enabled, and the Java Heap may be blocking the growth of the native heap
# Possible solutions:
#   Reduce memory load on the system
#   Increase physical memory or swap space
#   Check if swap backing store is full
#   Decrease Java heap size (-Xmx/-Xms)
#   Decrease number of Java threads
#   Decrease Java thread stack sizes (-Xss)
#   Set larger code cache with -XX:ReservedCodeCacheSize=
#   JVM is running with Unscaled Compressed Oops mode in which the Java heap is
#     placed in the first 4GB address space. The Java Heap base address is the
#     maximum limit for the native heap growth. Please use -XX:HeapBaseMinAddress
#     to set the Java Heap base and to place the Java Heap above 4GB virtual address.
# This output file may be truncated or incomplete.
#
#  Out of Memory Error (./open/src/hotspot/os/windows/os_windows.cpp:3315), pid=4276, tid=14112
#
# JRE version: OpenJDK Runtime Environment (14.0.1+7) (build 14.0.1+7)
# Java VM: OpenJDK 64-Bit Server VM (14.0.1+7, mixed mode, sharing, tiered, compressed oops, g1 gc, windows-amd64)
# No core dump will be written. Minidumps are not enabled by default on client versions of Windows
#

---------------  S U M M A R Y ------------

Command Line: -XX:TieredStopAtLevel=1 -Dspring.output.ansi.enabled=always -Dcom.sun.management.jmxremote -Dspring.jmx.enabled=true -Dspring.liveBeansView.mbeanDomain -Dspring.application.admin.enabled=true -Dmanagement.endpoints.jmx.exposure.include=* -javaagent:C:\Program Files\JetBrains\IntelliJ IDEA 2023.1\lib\idea_rt.jar=54053:C:\Program Files\JetBrains\IntelliJ IDEA 2023.1\bin -Dfile.encoding=UTF-8 com.example.demo.DemoApplication

Host: AMD Ryzen 3 3200U with Radeon Vega Mobile Gfx  , 4 cores, 5G,  Windows 10 , 64 bit Build 19041 (10.0.19041.2788)
Time: Mon Apr 24 19:19:40 2023 Астраханское стандартное время elapsed time: 2 seconds (0d 0h 0m 2s)

---------------  T H R E A D  ---------------

Current thread (0x0000021fd2412800):  VMThread "VM Thread" [stack: 0x00000071fe800000,0x00000071fe900000] [id=14112]

Stack: [0x00000071fe800000,0x00000071fe900000]
[error occurred during error reporting (printing stack bounds), id 0xc0000005, EXCEPTION_ACCESS_VIOLATION (0xc0000005) at pc=0x0000021fbcf710ad]

Native frames: (J=compiled Java code, j=interpreted, Vv=VM code, C=native code)
V  [jvm.dll+0x5f840a]
V  [jvm.dll+0x741e4a]
V  [jvm.dll+0x7435ff]
V  [jvm.dll+0x743ba5]
V  [jvm.dll+0x743b5b]
V  [jvm.dll+0x5f793f]
V  [jvm.dll+0x5f80a8]
C  [ntdll.dll+0xa23df]
C  [ntdll.dll+0x514a4]
C  [ntdll.dll+0xa0f0e]
C  0x0000021fbcf710ad

VM_Operation (0x00000071fe2f8010): CollectForMetadataAllocation, mode: safepoint, requested by thread 0x0000021fb2fd0000


---------------  P R O C E S S  ---------------

Threads class SMR info:
_java_thread_list=0x0000021fd477aff0, length=14, elements={
0x0000021fb2fd0000, 0x0000021fd2417000, 0x0000021fd2418800, 0x0000021fd2435000,
0x0000021fd2439000, 0x0000021fd243a800, 0x0000021fd243c000, 0x0000021fd243d800,
0x0000021fb3097800, 0x0000021fd2ff8000, 0x0000021fd2ff9000, 0x0000021fd31ad800,
0x0000021fd3994000, 0x0000021fd39cb000
}

Java Threads: ( => current thread )
  0x0000021fb2fd0000 JavaThread "main" [_thread_blocked, id=6400, stack(0x00000071fe200000,0x00000071fe300000)]
  0x0000021fd2417000 JavaThread "Reference Handler" daemon [_thread_blocked, id=7316, stack(0x00000071fe900000,0x00000071fea00000)]
  0x0000021fd2418800 JavaThread "Finalizer" daemon [_thread_blocked, id=13468, stack(0x00000071fea00000,0x00000071feb00000)]
  0x0000021fd2435000 JavaThread "Signal Dispatcher" daemon [_thread_blocked, id=13180, stack(0x00000071feb00000,0x00000071fec00000)]
  0x0000021fd2439000 JavaThread "Attach Listener" daemon [_thread_blocked, id=1744, stack(0x00000071fec00000,0x00000071fed00000)]
  0x0000021fd243a800 JavaThread "Service Thread" daemon [_thread_blocked, id=6324, stack(0x00000071fed00000,0x00000071fee00000)]
  0x0000021fd243c000 JavaThread "C1 CompilerThread0" daemon [_thread_blocked, id=1392, stack(0x00000071fee00000,0x00000071fef00000)]
  0x0000021fd243d800 JavaThread "Sweeper thread" daemon [_thread_blocked, id=320, stack(0x00000071fef00000,0x00000071ff000000)]
  0x0000021fb3097800 JavaThread "Common-Cleaner" daemon [_thread_blocked, id=7480, stack(0x00000071ff000000,0x00000071ff100000)]
  0x0000021fd2ff8000 JavaThread "Monitor Ctrl-Break" daemon [_thread_in_native, id=7488, stack(0x00000071ff100000,0x00000071ff200000)]
  0x0000021fd2ff9000 JavaThread "Notification Thread" daemon [_thread_blocked, id=6612, stack(0x00000071ff200000,0x00000071ff300000)]
  0x0000021fd31ad800 JavaThread "RMI TCP Accept-0" daemon [_thread_in_native, id=10408, stack(0x00000071ff300000,0x00000071ff400000)]
  0x0000021fd3994000 JavaThread "RMI TCP Connection(1)-192.168.1.76" daemon [_thread_in_native, id=9688, stack(0x00000071ff700000,0x00000071ff800000)]
  0x0000021fd39cb000 JavaThread "RMI Scheduler(0)" daemon [_thread_blocked, id=7960, stack(0x00000071ff800000,0x00000071ff900000)]

Other Threads:
=>0x0000021fd2412800 VMThread "VM Thread" [stack: 0x00000071fe800000,0x00000071fe900000] [id=14112]
  0x0000021fd3191800 WatcherThread [stack: 0x00000071ff400000,0x00000071ff500000] [id=10928]
  0x0000021fb300b000 GCTaskThread "GC Thread#0" [stack: 0x00000071fe300000,0x00000071fe400000] [id=8476]
  0x0000021fd37e8800 GCTaskThread "GC Thread#1" [stack: 0x00000071ff500000,0x00000071ff600000] [id=6920]
  0x0000021fd3aef000 GCTaskThread "GC Thread#2" [stack: 0x00000071ffa00000,0x00000071ffb00000] [id=7796]
  0x0000021fd3aef800 GCTaskThread "GC Thread#3" [stack: 0x00000071ffb00000,0x00000071ffc00000] [id=8384]
  0x0000021fb3019000 ConcurrentGCThread "G1 Main Marker" [stack: 0x00000071fe400000,0x00000071fe500000] [id=14108]
  0x0000021fb301b800 ConcurrentGCThread "G1 Conc#0" [stack: 0x00000071fe500000,0x00000071fe600000] [id=6780]
  0x0000021fb3088800 ConcurrentGCThread "G1 Refine#0" [stack: 0x00000071fe600000,0x00000071fe700000] [id=5148]
  0x0000021fd2f84800 ConcurrentGCThread "G1 Refine#1" [stack: 0x00000071ff600000,0x00000071ff700000] [id=1804]
  0x0000021fb3089800 ConcurrentGCThread "G1 Young RemSet Sampling" [stack: 0x00000071fe700000,0x00000071fe800000] [id=11724]

Threads with active compile tasks:
C1 CompilerThread0     3000 2656   !   1       org.springframework.beans.factory.support.AbstractBeanFactory::doGetBean (832 bytes)

VM state:at safepoint (normal execution)

VM Mutex/Monitor currently owned by a thread:  ([mutex/lock_event])
[0x0000021fb2fcc050] Threads_lock - owner thread: 0x0000021fd2412800
[0x0000021fb2fcc4d0] Heap_lock - owner thread: 0x0000021fb2fd0000

Heap address: 0x00000000a0c00000, size: 1524 MB, Compressed Oops mode: 32-bit
Narrow klass base: 0x0000000800000000, Narrow klass shift: 3
Compressed class space size: 1073741824 Address: 0x0000000800b30000

Heap:
 garbage-first heap   total 118784K, used 9216K [0x00000000a0c00000, 0x0000000100000000)
  region size 1024K, 5 young (5120K), 5 survivors (5120K)
 Metaspace       used 20462K, capacity 21210K, committed 21248K, reserved 1067008K
  class space    used 2784K, capacity 3071K, committed 3072K, reserved 1048576K
Heap Regions: E=young(eden), S=young(survivor), O=old, HS=humongous(starts), HC=humongous(continues), CS=collection set, F=free, OA=open archive, CA=closed archive, TAMS=top-at-mark-start (previous, next)
|   0|0x00000000a0c00000, 0x00000000a0d00000, 0x00000000a0d00000|100%| O|  |TAMS 0x00000000a0c00000, 0x00000000a0d00000| Untracked 
|   1|0x00000000a0d00000, 0x00000000a0e00000, 0x00000000a0e00000|100%| O|  |TAMS 0x00000000a0d00000, 0x00000000a0e00000| Untracked 
|   2|0x00000000a0e00000, 0x00000000a0f00000, 0x00000000a0f00000|100%| O|  |TAMS 0x00000000a0e00000, 0x00000000a0f00000| Untracked 
|   3|0x00000000a0f00000, 0x00000000a1000000, 0x00000000a1000000|100%| O|  |TAMS 0x00000000a0f00000, 0x00000000a1000000| Untracked 
|   4|0x00000000a1000000, 0x00000000a1000000, 0x00000000a1100000|  0%| F|  |TAMS 0x00000000a1000000, 0x00000000a1000000| Untracked 
|   5|0x00000000a1100000, 0x00000000a1100000, 0x00000000a1200000|  0%| F|  |TAMS 0x00000000a1100000, 0x00000000a1100000| Untracked 
|   6|0x00000000a1200000, 0x00000000a1200000, 0x00000000a1300000|  0%| F|  |TAMS 0x00000000a1200000, 0x00000000a1200000| Untracked 
|   7|0x00000000a1300000, 0x00000000a1300000, 0x00000000a1400000|  0%| F|  |TAMS 0x00000000a1300000, 0x00000000a1300000| Untracked 
|   8|0x00000000a1400000, 0x00000000a1400000, 0x00000000a1500000|  0%| F|  |TAMS 0x00000000a1400000, 0x00000000a1400000| Untracked 
|   9|0x00000000a1500000, 0x00000000a1500000, 0x00000000a1600000|  0%| F|  |TAMS 0x00000000a1500000, 0x00000000a1500000| Untracked 
|  10|0x00000000a1600000, 0x00000000a1600000, 0x00000000a1700000|  0%| F|  |TAMS 0x00000000a1600000, 0x00000000a1600000| Untracked 
|  11|0x00000000a1700000, 0x00000000a1700000, 0x00000000a1800000|  0%| F|  |TAMS 0x00000000a1700000, 0x00000000a1700000| Untracked 
|  12|0x00000000a1800000, 0x00000000a1800000, 0x00000000a1900000|  0%| F|  |TAMS 0x00000000a1800000, 0x00000000a1800000| Untracked 
|  13|0x00000000a1900000, 0x00000000a1900000, 0x00000000a1a00000|  0%| F|  |TAMS 0x00000000a1900000, 0x00000000a1900000| Untracked 
|  14|0x00000000a1a00000, 0x00000000a1a00000, 0x00000000a1b00000|  0%| F|  |TAMS 0x00000000a1a00000, 0x00000000a1a00000| Untracked 
|  15|0x00000000a1b00000, 0x00000000a1b00000, 0x00000000a1c00000|  0%| F|  |TAMS 0x00000000a1b00000, 0x00000000a1b00000| Untracked 
|  16|0x00000000a1c00000, 0x00000000a1c00000, 0x00000000a1d00000|  0%| F|  |TAMS 0x00000000a1c00000, 0x00000000a1c00000| Untracked 
|  17|0x00000000a1d00000, 0x00000000a1d00000, 0x00000000a1e00000|  0%| F|  |TAMS 0x00000000a1d00000, 0x00000000a1d00000| Untracked 
|  18|0x00000000a1e00000, 0x00000000a1e00000, 0x00000000a1f00000|  0%| F|  |TAMS 0x00000000a1e00000, 0x00000000a1e00000| Untracked 
|  19|0x00000000a1f00000, 0x00000000a1f00000, 0x00000000a2000000|  0%| F|  |TAMS 0x00000000a1f00000, 0x00000000a1f00000| Untracked 
|  20|0x00000000a2000000, 0x00000000a2000000, 0x00000000a2100000|  0%| F|  |TAMS 0x00000000a2000000, 0x00000000a2000000| Untracked 
|  21|0x00000000a2100000, 0x00000000a2100000, 0x00000000a2200000|  0%| F|  |TAMS 0x00000000a2100000, 0x00000000a2100000| Untracked 
|  22|0x00000000a2200000, 0x00000000a2200000, 0x00000000a2300000|  0%| F|  |TAMS 0x00000000a2200000, 0x00000000a2200000| Untracked 
|  23|0x00000000a2300000, 0x00000000a2300000, 0x00000000a2400000|  0%| F|  |TAMS 0x00000000a2300000, 0x00000000a2300000| Untracked 
|  24|0x00000000a2400000, 0x00000000a2400000, 0x00000000a2500000|  0%| F|  |TAMS 0x00000000a2400000, 0x00000000a2400000| Untracked 
|  25|0x00000000a2500000, 0x00000000a2500000, 0x00000000a2600000|  0%| F|  |TAMS 0x00000000a2500000, 0x00000000a2500000| Untracked 
|  26|0x00000000a2600000, 0x00000000a2600000, 0x00000000a2700000|  0%| F|  |TAMS 0x00000000a2600000, 0x00000000a2600000| Untracked 
|  27|0x00000000a2700000, 0x00000000a2700000, 0x00000000a2800000|  0%| F|  |TAMS 0x00000000a2700000, 0x00000000a2700000| Untracked 
|  28|0x00000000a2800000, 0x00000000a2800000, 0x00000000a2900000|  0%| F|  |TAMS 0x00000000a2800000, 0x00000000a2800000| Untracked 
|  29|0x00000000a2900000, 0x00000000a2900000, 0x00000000a2a00000|  0%| F|  |TAMS 0x00000000a2900000, 0x00000000a2900000| Untracked 
|  30|0x00000000a2a00000, 0x00000000a2a00000, 0x00000000a2b00000|  0%| F|  |TAMS 0x00000000a2a00000, 0x00000000a2a00000| Untracked 
|  31|0x00000000a2b00000, 0x00000000a2b00000, 0x00000000a2c00000|  0%| F|  |TAMS 0x00000000a2b00000, 0x00000000a2b00000| Untracked 
|  32|0x00000000a2c00000, 0x00000000a2c00000, 0x00000000a2d00000|  0%| F|  |TAMS 0x00000000a2c00000, 0x00000000a2c00000| Untracked 
|  33|0x00000000a2d00000, 0x00000000a2d00000, 0x00000000a2e00000|  0%| F|  |TAMS 0x00000000a2d00000, 0x00000000a2d00000| Untracked 
|  34|0x00000000a2e00000, 0x00000000a2e00000, 0x00000000a2f00000|  0%| F|  |TAMS 0x00000000a2e00000, 0x00000000a2e00000| Untracked 
|  35|0x00000000a2f00000, 0x00000000a2f00000, 0x00000000a3000000|  0%| F|  |TAMS 0x00000000a2f00000, 0x00000000a2f00000| Untracked 
|  36|0x00000000a3000000, 0x00000000a3000000, 0x00000000a3100000|  0%| F|  |TAMS 0x00000000a3000000, 0x00000000a3000000| Untracked 
|  37|0x00000000a3100000, 0x00000000a3100000, 0x00000000a3200000|  0%| F|  |TAMS 0x00000000a3100000, 0x00000000a3100000| Untracked 
|  38|0x00000000a3200000, 0x00000000a3200000, 0x00000000a3300000|  0%| F|  |TAMS 0x00000000a3200000, 0x00000000a3200000| Untracked 
|  39|0x00000000a3300000, 0x00000000a3300000, 0x00000000a3400000|  0%| F|  |TAMS 0x00000000a3300000, 0x00000000a3300000| Untracked 
|  40|0x00000000a3400000, 0x00000000a3400000, 0x00000000a3500000|  0%| F|  |TAMS 0x00000000a3400000, 0x00000000a3400000| Untracked 
|  41|0x00000000a3500000, 0x00000000a3500000, 0x00000000a3600000|  0%| F|  |TAMS 0x00000000a3500000, 0x00000000a3500000| Untracked 
|  42|0x00000000a3600000, 0x00000000a3600000, 0x00000000a3700000|  0%| F|  |TAMS 0x00000000a3600000, 0x00000000a3600000| Untracked 
|  43|0x00000000a3700000, 0x00000000a3700000, 0x00000000a3800000|  0%| F|  |TAMS 0x00000000a3700000, 0x00000000a3700000| Untracked 
|  44|0x00000000a3800000, 0x00000000a3800000, 0x00000000a3900000|  0%| F|  |TAMS 0x00000000a3800000, 0x00000000a3800000| Untracked 
|  45|0x00000000a3900000, 0x00000000a3900000, 0x00000000a3a00000|  0%| F|  |TAMS 0x00000000a3900000, 0x00000000a3900000| Untracked 
|  46|0x00000000a3a00000, 0x00000000a3a00000, 0x00000000a3b00000|  0%| F|  |TAMS 0x00000000a3a00000, 0x00000000a3a00000| Untracked 
|  47|0x00000000a3b00000, 0x00000000a3b00000, 0x00000000a3c00000|  0%| F|  |TAMS 0x00000000a3b00000, 0x00000000a3b00000| Untracked 
|  48|0x00000000a3c00000, 0x00000000a3c00000, 0x00000000a3d00000|  0%| F|  |TAMS 0x00000000a3c00000, 0x00000000a3c00000| Untracked 
|  49|0x00000000a3d00000, 0x00000000a3d00000, 0x00000000a3e00000|  0%| F|  |TAMS 0x00000000a3d00000, 0x00000000a3d00000| Untracked 
|  50|0x00000000a3e00000, 0x00000000a3e00000, 0x00000000a3f00000|  0%| F|  |TAMS 0x00000000a3e00000, 0x00000000a3e00000| Untracked 
|  51|0x00000000a3f00000, 0x00000000a3f00000, 0x00000000a4000000|  0%| F|  |TAMS 0x00000000a3f00000, 0x00000000a3f00000| Untracked 
|  52|0x00000000a4000000, 0x00000000a4000000, 0x00000000a4100000|  0%| F|  |TAMS 0x00000000a4000000, 0x00000000a4000000| Untracked 
|  53|0x00000000a4100000, 0x00000000a4100000, 0x00000000a4200000|  0%| F|  |TAMS 0x00000000a4100000, 0x00000000a4100000| Untracked 
|  54|0x00000000a4200000, 0x00000000a4200000, 0x00000000a4300000|  0%| F|  |TAMS 0x00000000a4200000, 0x00000000a4200000| Untracked 
|  55|0x00000000a4300000, 0x00000000a4300000, 0x00000000a4400000|  0%| F|  |TAMS 0x00000000a4300000, 0x00000000a4300000| Untracked 
|  56|0x00000000a4400000, 0x00000000a4400000, 0x00000000a4500000|  0%| F|  |TAMS 0x00000000a4400000, 0x00000000a4400000| Untracked 
|  57|0x00000000a4500000, 0x00000000a4500000, 0x00000000a4600000|  0%| F|  |TAMS 0x00000000a4500000, 0x00000000a4500000| Untracked 
|  58|0x00000000a4600000, 0x00000000a4600000, 0x00000000a4700000|  0%| F|  |TAMS 0x00000000a4600000, 0x00000000a4600000| Untracked 
|  59|0x00000000a4700000, 0x00000000a4700000, 0x00000000a4800000|  0%| F|  |TAMS 0x00000000a4700000, 0x00000000a4700000| Untracked 
|  60|0x00000000a4800000, 0x00000000a4800000, 0x00000000a4900000|  0%| F|  |TAMS 0x00000000a4800000, 0x00000000a4800000| Untracked 
|  61|0x00000000a4900000, 0x00000000a4900000, 0x00000000a4a00000|  0%| F|  |TAMS 0x00000000a4900000, 0x00000000a4900000| Untracked 
|  62|0x00000000a4a00000, 0x00000000a4a00000, 0x00000000a4b00000|  0%| F|  |TAMS 0x00000000a4a00000, 0x00000000a4a00000| Untracked 
|  63|0x00000000a4b00000, 0x00000000a4b00000, 0x00000000a4c00000|  0%| F|  |TAMS 0x00000000a4b00000, 0x00000000a4b00000| Untracked 
|  64|0x00000000a4c00000, 0x00000000a4c00000, 0x00000000a4d00000|  0%| F|  |TAMS 0x00000000a4c00000, 0x00000000a4c00000| Untracked 
|  65|0x00000000a4d00000, 0x00000000a4d00000, 0x00000000a4e00000|  0%| F|  |TAMS 0x00000000a4d00000, 0x00000000a4d00000| Untracked 
|  66|0x00000000a4e00000, 0x00000000a4e00000, 0x00000000a4f00000|  0%| F|  |TAMS 0x00000000a4e00000, 0x00000000a4e00000| Untracked 
|  67|0x00000000a4f00000, 0x00000000a4f00000, 0x00000000a5000000|  0%| F|  |TAMS 0x00000000a4f00000, 0x00000000a4f00000| Untracked 
|  68|0x00000000a5000000, 0x00000000a5000000, 0x00000000a5100000|  0%| F|  |TAMS 0x00000000a5000000, 0x00000000a5000000| Untracked 
|  69|0x00000000a5100000, 0x00000000a5100000, 0x00000000a5200000|  0%| F|  |TAMS 0x00000000a5100000, 0x00000000a5100000| Untracked 
|  70|0x00000000a5200000, 0x00000000a5200000, 0x00000000a5300000|  0%| F|  |TAMS 0x00000000a5200000, 0x00000000a5200000| Untracked 
|  71|0x00000000a5300000, 0x00000000a5300000, 0x00000000a5400000|  0%| F|  |TAMS 0x00000000a5300000, 0x00000000a5300000| Untracked 
|  72|0x00000000a5400000, 0x00000000a5400000, 0x00000000a5500000|  0%| F|  |TAMS 0x00000000a5400000, 0x00000000a5400000| Untracked 
|  73|0x00000000a5500000, 0x00000000a5600000, 0x00000000a5600000|100%| S|CS|TAMS 0x00000000a5500000, 0x00000000a5500000| Complete 
|  74|0x00000000a5600000, 0x00000000a5700000, 0x00000000a5700000|100%| S|CS|TAMS 0x00000000a5600000, 0x00000000a5600000| Complete 
|  75|0x00000000a5700000, 0x00000000a5800000, 0x00000000a5800000|100%| S|CS|TAMS 0x00000000a5700000, 0x00000000a5700000| Complete 
|  76|0x00000000a5800000, 0x00000000a5900000, 0x00000000a5900000|100%| S|CS|TAMS 0x00000000a5800000, 0x00000000a5800000| Complete 
|  77|0x00000000a5900000, 0x00000000a5a00000, 0x00000000a5a00000|100%| S|CS|TAMS 0x00000000a5900000, 0x00000000a5900000| Complete 
|  78|0x00000000a5a00000, 0x00000000a5a00000, 0x00000000a5b00000|  0%| F|  |TAMS 0x00000000a5a00000, 0x00000000a5a00000| Untracked 
|  79|0x00000000a5b00000, 0x00000000a5b00000, 0x00000000a5c00000|  0%| F|  |TAMS 0x00000000a5b00000, 0x00000000a5b00000| Untracked 
|  80|0x00000000a5c00000, 0x00000000a5c00000, 0x00000000a5d00000|  0%| F|  |TAMS 0x00000000a5c00000, 0x00000000a5c00000| Untracked 
|  81|0x00000000a5d00000, 0x00000000a5d00000, 0x00000000a5e00000|  0%| F|  |TAMS 0x00000000a5d00000, 0x00000000a5d00000| Untracked 
|  82|0x00000000a5e00000, 0x00000000a5e00000, 0x00000000a5f00000|  0%| F|  |TAMS 0x00000000a5e00000, 0x00000000a5e00000| Untracked 
|  83|0x00000000a5f00000, 0x00000000a5f00000, 0x00000000a6000000|  0%| F|  |TAMS 0x00000000a5f00000, 0x00000000a5f00000| Untracked 
|  84|0x00000000a6000000, 0x00000000a6000000, 0x00000000a6100000|  0%| F|  |TAMS 0x00000000a6000000, 0x00000000a6000000| Untracked 
|  85|0x00000000a6100000, 0x00000000a6100000, 0x00000000a6200000|  0%| F|  |TAMS 0x00000000a6100000, 0x00000000a6100000| Untracked 
|  86|0x00000000a6200000, 0x00000000a6200000, 0x00000000a6300000|  0%| F|  |TAMS 0x00000000a6200000, 0x00000000a6200000| Untracked 
|  87|0x00000000a6300000, 0x00000000a6300000, 0x00000000a6400000|  0%| F|  |TAMS 0x00000000a6300000, 0x00000000a6300000| Untracked 
|  88|0x00000000a6400000, 0x00000000a6400000, 0x00000000a6500000|  0%| F|  |TAMS 0x00000000a6400000, 0x00000000a6400000| Untracked 
|  89|0x00000000a6500000, 0x00000000a6500000, 0x00000000a6600000|  0%| F|  |TAMS 0x00000000a6500000, 0x00000000a6500000| Untracked 
|  90|0x00000000a6600000, 0x00000000a6600000, 0x00000000a6700000|  0%| F|  |TAMS 0x00000000a6600000, 0x00000000a6600000| Untracked 
|  91|0x00000000a6700000, 0x00000000a6700000, 0x00000000a6800000|  0%| F|  |TAMS 0x00000000a6700000, 0x00000000a6700000| Untracked 
|  92|0x00000000a6800000, 0x00000000a6800000, 0x00000000a6900000|  0%| F|  |TAMS 0x00000000a6800000, 0x00000000a6800000| Untracked 
|  93|0x00000000a6900000, 0x00000000a6900000, 0x00000000a6a00000|  0%| F|  |TAMS 0x00000000a6900000, 0x00000000a6900000| Untracked 
|  94|0x00000000a6a00000, 0x00000000a6a00000, 0x00000000a6b00000|  0%| F|  |TAMS 0x00000000a6a00000, 0x00000000a6a00000| Untracked 
|  95|0x00000000a6b00000, 0x00000000a6b00000, 0x00000000a6c00000|  0%| F|  |TAMS 0x00000000a6b00000, 0x00000000a6b00000| Untracked 

Card table byte_map: [0x0000021fcc890000,0x0000021fccb90000] _byte_map_base: 0x0000021fcc38a000

Marking Bits (Prev, Next): (CMBitMap*) 0x0000021fb300c798, (CMBitMap*) 0x0000021fb300c7d8
 Prev Bits: [0x0000021fcce90000, 0x0000021fce660000)
 Next Bits: [0x0000021fce660000, 0x0000021fcfe30000)

Polling page: 0x0000021fb30b0000

Metaspace:

Usage:
  Non-class:     17.71 MB capacity,    17.26 MB ( 97%) used,   383.03 KB (  2%) free+waste,    78.63 KB ( <1%) overhead. 
      Class:      3.00 MB capacity,     2.72 MB ( 91%) used,   244.96 KB (  8%) free+waste,    41.38 KB (  1%) overhead. 
       Both:     20.71 MB capacity,    19.98 MB ( 96%) used,   627.99 KB (  3%) free+waste,   120.00 KB ( <1%) overhead. 

Virtual space:
  Non-class space:       18.00 MB reserved,      17.75 MB ( 99%) committed 
      Class space:        1.00 GB reserved,       3.00 MB ( <1%) committed 
             Both:        1.02 GB reserved,      20.75 MB (  2%) committed 

Chunk freelists:
   Non-Class:  37.00 KB
       Class:  1.00 KB
        Both:  38.00 KB

MaxMetaspaceSize: 17179869184.00 GB
CompressedClassSpaceSize: 1.00 GB

CodeHeap 'non-profiled nmethods': size=238912Kb used=4016Kb max_used=4016Kb free=234895Kb
 bounds [0x0000021fbd620000, 0x0000021fbda10000, 0x0000021fcbf70000]
CodeHeap 'non-nmethods': size=6848Kb used=1219Kb max_used=1219Kb free=5628Kb
 bounds [0x0000021fbcf70000, 0x0000021fbd1e0000, 0x0000021fbd620000]
 total_blobs=3417 nmethods=2655 adapters=416
 compilation: enabled
              stopped_count=0, restarted_count=0
 full_count=0

Compilation events (20 events):
Event: 2.927 Thread 0x0000021fd243c000 nmethod 2646 0x0000021fbda08390 code [0x0000021fbda08680, 0x0000021fbda090f8]
Event: 2.931 Thread 0x0000021fd243c000 2647       1       org.springframework.beans.BeanMetadataAttributeAccessor::getAttribute (22 bytes)
Event: 2.931 Thread 0x0000021fd243c000 nmethod 2647 0x0000021fbda09690 code [0x0000021fbda09840, 0x0000021fbda09a78]
Event: 2.932 Thread 0x0000021fd243c000 2648       1       org.springframework.core.AttributeAccessorSupport::getAttribute (17 bytes)
Event: 2.932 Thread 0x0000021fd243c000 nmethod 2648 0x0000021fbda09c10 code [0x0000021fbda09dc0, 0x0000021fbda09f98]
Event: 2.932 Thread 0x0000021fd243c000 2652       1       java.util.LinkedHashMap::keysToArray (38 bytes)
Event: 2.932 Thread 0x0000021fd243c000 nmethod 2652 0x0000021fbda0a090 code [0x0000021fbda0a240, 0x0000021fbda0a458]
Event: 2.932 Thread 0x0000021fd243c000 2649       1       org.springframework.beans.BeanMetadataAttributeAccessor::setAttribute (15 bytes)
Event: 2.932 Thread 0x0000021fd243c000 nmethod 2649 0x0000021fbda0a590 code [0x0000021fbda0a760, 0x0000021fbda0ab48]
Event: 2.932 Thread 0x0000021fd243c000 2650       1       org.springframework.beans.BeanMetadataAttribute::<init> (21 bytes)
Event: 2.933 Thread 0x0000021fd243c000 nmethod 2650 0x0000021fbda0ad10 code [0x0000021fbda0aec0, 0x0000021fbda0b128]
Event: 2.933 Thread 0x0000021fd243c000 2651       1       org.springframework.core.AttributeAccessorSupport::setAttribute (32 bytes)
Event: 2.933 Thread 0x0000021fd243c000 nmethod 2651 0x0000021fbda0b210 code [0x0000021fbda0b3e0, 0x0000021fbda0b5e8]
Event: 2.933 Thread 0x0000021fd243c000 2653       1       org.springframework.beans.factory.support.AbstractBeanDefinition::hasPropertyValues (23 bytes)
Event: 2.933 Thread 0x0000021fd243c000 nmethod 2653 0x0000021fbda0b710 code [0x0000021fbda0b8a0, 0x0000021fbda0b9c8]
Event: 2.933 Thread 0x0000021fd243c000 2654       1       java.util.LinkedHashMap$LinkedKeySet::size (8 bytes)
Event: 2.933 Thread 0x0000021fd243c000 nmethod 2654 0x0000021fbda0ba90 code [0x0000021fbda0bc20, 0x0000021fbda0bcf8]
Event: 2.933 Thread 0x0000021fd243c000 2655       1       java.util.HashMap::putAll (7 bytes)
Event: 2.933 Thread 0x0000021fd243c000 nmethod 2655 0x0000021fbda0bd90 code [0x0000021fbda0bf20, 0x0000021fbda0c028]
Event: 2.934 Thread 0x0000021fd243c000 2656   !   1       org.springframework.beans.factory.support.AbstractBeanFactory::doGetBean (832 bytes)

GC Heap History (9 events):
Event: 0.989 GC heap before
{Heap before GC invocations=0 (full 0):
 garbage-first heap   total 98304K, used 12288K [0x00000000a0c00000, 0x0000000100000000)
  region size 1024K, 13 young (13312K), 0 survivors (0K)
 Metaspace       used 5271K, capacity 5674K, committed 5888K, reserved 1056768K
  class space    used 659K, capacity 752K, committed 768K, reserved 1048576K
}
Event: 0.999 GC heap after
{Heap after GC invocations=1 (full 0):
 garbage-first heap   total 98304K, used 4003K [0x00000000a0c00000, 0x0000000100000000)
  region size 1024K, 2 young (2048K), 2 survivors (2048K)
 Metaspace       used 5271K, capacity 5674K, committed 5888K, reserved 1056768K
  class space    used 659K, capacity 752K, committed 768K, reserved 1048576K
}
Event: 1.324 GC heap before
{Heap before GC invocations=1 (full 0):
 garbage-first heap   total 98304K, used 17315K [0x00000000a0c00000, 0x0000000100000000)
  region size 1024K, 15 young (15360K), 2 survivors (2048K)
 Metaspace       used 7434K, capacity 7796K, committed 8064K, reserved 1056768K
  class space    used 964K, capacity 1076K, committed 1152K, reserved 1048576K
}
Event: 1.331 GC heap after
{Heap after GC invocations=2 (full 0):
 garbage-first heap   total 98304K, used 5078K [0x00000000a0c00000, 0x0000000100000000)
  region size 1024K, 1 young (1024K), 1 survivors (1024K)
 Metaspace       used 7434K, capacity 7796K, committed 8064K, reserved 1056768K
  class space    used 964K, capacity 1076K, committed 1152K, reserved 1048576K
}
Event: 1.814 GC heap before
{Heap before GC invocations=2 (full 0):
 garbage-first heap   total 98304K, used 28630K [0x00000000a0c00000, 0x0000000100000000)
  region size 1024K, 24 young (24576K), 1 survivors (1024K)
 Metaspace       used 11592K, capacity 12182K, committed 12416K, reserved 1060864K
  class space    used 1628K, capacity 1836K, committed 1920K, reserved 1048576K
}
Event: 1.820 GC heap after
{Heap after GC invocations=3 (full 0):
 garbage-first heap   total 98304K, used 6528K [0x00000000a0c00000, 0x0000000100000000)
  region size 1024K, 3 young (3072K), 3 survivors (3072K)
 Metaspace       used 11592K, capacity 12182K, committed 12416K, reserved 1060864K
  class space    used 1628K, capacity 1836K, committed 1920K, reserved 1048576K
}
Event: 2.540 GC heap before
{Heap before GC invocations=3 (full 0):
 garbage-first heap   total 98304K, used 61824K [0x00000000a0c00000, 0x0000000100000000)
  region size 1024K, 57 young (58368K), 3 survivors (3072K)
 Metaspace       used 18331K, capacity 19117K, committed 19200K, reserved 1064960K
  class space    used 2499K, capacity 2783K, committed 2816K, reserved 1048576K
}
Event: 2.550 GC heap after
{Heap after GC invocations=4 (full 0):
 garbage-first heap   total 98304K, used 8187K [0x00000000a0c00000, 0x0000000100000000)
  region size 1024K, 4 young (4096K), 4 survivors (4096K)
 Metaspace       used 18331K, capacity 19117K, committed 19200K, reserved 1064960K
  class space    used 2499K, capacity 2783K, committed 2816K, reserved 1048576K
}
Event: 2.940 GC heap before
{Heap before GC invocations=4 (full 0):
 garbage-first heap   total 98304K, used 25595K [0x00000000a0c00000, 0x0000000100000000)
  region size 1024K, 22 young (22528K), 4 survivors (4096K)
 Metaspace       used 20462K, capacity 21210K, committed 21248K, reserved 1067008K
  class space    used 2784K, capacity 3071K, committed 3072K, reserved 1048576K
}

Deoptimization events (0 events):
No events

Classes unloaded (0 events):
No events

Classes redefined (0 events):
No events

Internal exceptions (20 events):
Event: 2.055 Thread 0x0000021fb2fd0000 Exception <a 'java/lang/ClassNotFoundException'{0x00000000a4e251a8}: org/springframework/core/PriorityOrderedCustomizer> (0x00000000a4e251a8) 
thrown [./open/src/hotspot/share/classfile/systemDictionary.cpp, line 226]
Event: 2.056 Thread 0x0000021fb2fd0000 Exception <a 'java/lang/ClassNotFoundException'{0x00000000a4e32ab8}: org/springframework/core/OrderedCustomizer> (0x00000000a4e32ab8) 
thrown [./open/src/hotspot/share/classfile/systemDictionary.cpp, line 226]
Event: 2.057 Thread 0x0000021fb2fd0000 Exception <a 'java/lang/ClassNotFoundException'{0x00000000a4e42c80}: org/springframework/context/ResourceLoaderAwareCustomizer> (0x00000000a4e42c80) 
thrown [./open/src/hotspot/share/classfile/systemDictionary.cpp, line 226]
Event: 2.057 Thread 0x0000021fb2fd0000 Exception <a 'java/lang/ClassNotFoundException'{0x00000000a4e522e0}: org/springframework/beans/factory/AwareCustomizer> (0x00000000a4e522e0) 
thrown [./open/src/hotspot/share/classfile/systemDictionary.cpp, line 226]
Event: 2.058 Thread 0x0000021fb2fd0000 Exception <a 'java/lang/ClassNotFoundException'{0x00000000a4e61bd8}: org/springframework/context/ApplicationStartupAwareCustomizer> (0x00000000a4e61bd8) 
thrown [./open/src/hotspot/share/classfile/systemDictionary.cpp, line 226]
Event: 2.059 Thread 0x0000021fb2fd0000 Exception <a 'java/lang/ClassNotFoundException'{0x00000000a4e714b0}: org/springframework/beans/factory/AwareCustomizer> (0x00000000a4e714b0) 
thrown [./open/src/hotspot/share/classfile/systemDictionary.cpp, line 226]
Event: 2.060 Thread 0x0000021fb2fd0000 Exception <a 'java/lang/ClassNotFoundException'{0x00000000a4ec2290}: org/springframework/beans/factory/BeanClassLoaderAwareCustomizer> (0x00000000a4ec2290) 
thrown [./open/src/hotspot/share/classfile/systemDictionary.cpp, line 226]
Event: 2.061 Thread 0x0000021fb2fd0000 Exception <a 'java/lang/ClassNotFoundException'{0x00000000a4ed1908}: org/springframework/beans/factory/AwareCustomizer> (0x00000000a4ed1908) 
thrown [./open/src/hotspot/share/classfile/systemDictionary.cpp, line 226]
Event: 2.061 Thread 0x0000021fb2fd0000 Exception <a 'java/lang/ClassNotFoundException'{0x00000000a4ee0938}: org/springframework/context/EnvironmentAwareCustomizer> (0x00000000a4ee0938) 
thrown [./open/src/hotspot/share/classfile/systemDictionary.cpp, line 226]
Event: 2.062 Thread 0x0000021fb2fd0000 Exception <a 'java/lang/ClassNotFoundException'{0x00000000a4eeff28}: org/springframework/beans/factory/AwareCustomizer> (0x00000000a4eeff28) 
thrown [./open/src/hotspot/share/classfile/systemDictionary.cpp, line 226]
Event: 2.104 Thread 0x0000021fd3a6a800 Exception <a 'java/lang/NoSuchMethodError'{0x00000000a4962ba0}: 'long java.lang.invoke.DirectMethodHandle$Holder.invokeStatic(java.lang.Object, java.lang.Object)'> (0x00000000a4962ba0) 
thrown [./open/src/hotspot/share/interpreter/linkResolver.cpp, line 766]
Event: 2.104 Thread 0x0000021fd3a6a800 Exception <a 'java/lang/NoSuchMethodError'{0x00000000a49658a8}: 'long java.lang.invoke.DirectMethodHandle$Holder.invokeStaticInit(java.lang.Object, java.lang.Object)'> (0x00000000a49658a8) 
thrown [./open/src/hotspot/share/interpreter/linkResolver.cpp, line 766]
Event: 2.106 Thread 0x0000021fd3a6a800 Exception <a 'java/lang/NoSuchMethodError'{0x00000000a4971320}: 'long java.lang.invoke.DirectMethodHandle$Holder.invokeInterface(java.lang.Object, java.lang.Object)'> (0x00000000a4971320) 
thrown [./open/src/hotspot/share/interpreter/linkResolver.cpp, line 766]
Event: 2.107 Thread 0x0000021fd3a6a800 Exception <a 'java/lang/IncompatibleClassChangeError'{0x00000000a4973e48}: Found class java.lang.Object, but interface was expected> (0x00000000a4973e48) 
thrown [./open/src/hotspot/share/interpreter/linkResolver.cpp, line 832]
Event: 2.119 Thread 0x0000021fd3a6a800 Exception <a 'java/lang/NoSuchMethodError'{0x00000000a472ac38}: 'java.lang.Object java.lang.invoke.DirectMethodHandle$Holder.invokeVirtual(java.lang.Object, java.lang.Object, java.lang.Object, java.lang.Object)'> (0x00000000a472ac38) 
thrown [./open/src/hotspot/share/interpreter/linkResolver.cpp, line 766]
Event: 2.263 Thread 0x0000021fb2fd0000 Exception <a 'java/lang/IncompatibleClassChangeError'{0x00000000a3feaf88}: Found class java.lang.Object, but interface was expected> (0x00000000a3feaf88) 
thrown [./open/src/hotspot/share/interpreter/linkResolver.cpp, line 832]
Event: 2.299 Thread 0x0000021fb2fd0000 Exception <a 'java/lang/NoSuchMethodError'{0x00000000a3d57f18}: 'void java.lang.invoke.DirectMethodHandle$Holder.invokeInterface(java.lang.Object, java.lang.Object, java.lang.Object, java.lang.Object)'> (0x00000000a3d57f18) 
thrown [./open/src/hotspot/share/interpreter/linkResolver.cpp, line 766]
Event: 2.555 Thread 0x0000021fd3994000 Exception <a 'java/lang/reflect/InvocationTargetException'{0x00000000a6b06cc8}> (0x00000000a6b06cc8) 
thrown [./open/src/hotspot/share/runtime/reflection.cpp, line 1188]
Event: 2.916 Thread 0x0000021fb2fd0000 Exception <a 'java/lang/NoClassDefFoundError'{0x00000000a5cf4098}: org/flywaydb/core/Flyway> (0x00000000a5cf4098) 
thrown [./open/src/hotspot/share/classfile/systemDictionary.cpp, line 215]
Event: 2.916 Thread 0x0000021fb2fd0000 Exception <a 'java/lang/NoClassDefFoundError'{0x00000000a5cfa970}: liquibase/integration/spring/SpringLiquibase> (0x00000000a5cfa970) 
thrown [./open/src/hotspot/share/classfile/systemDictionary.cpp, line 215]

Events (20 events):
Event: 2.557 Executing VM operation: HandshakeOneThread
Event: 2.557 Executing VM operation: HandshakeOneThread done
Event: 2.557 Thread 0x0000021fd47ff800 Thread exited: 0x0000021fd47ff800
Event: 2.818 loading class java/util/concurrent/ExecutionException
Event: 2.818 loading class java/util/concurrent/ExecutionException done
Event: 2.841 loading class java/lang/ClassFormatError
Event: 2.841 loading class java/lang/ClassFormatError done
Event: 2.869 loading class jdk/internal/org/objectweb/asm/ClassReader
Event: 2.870 loading class jdk/internal/org/objectweb/asm/ClassReader done
Event: 2.894 loading class java/util/DualPivotQuicksort
Event: 2.895 loading class java/util/DualPivotQuicksort done
Event: 2.901 loading class jdk/internal/reflect/UnsafeStaticObjectFieldAccessorImpl
Event: 2.901 loading class jdk/internal/reflect/UnsafeStaticObjectFieldAccessorImpl done
Event: 2.938 loading class javax/xml/ws$WebServiceRef
Event: 2.938 loading class javax/xml/ws$WebServiceRef done
Event: 2.938 Executing VM operation: HandshakeOneThread
Event: 2.938 Executing VM operation: HandshakeOneThread done
Event: 2.939 loading class javax/naming/NameNotFoundException
Event: 2.939 loading class javax/naming/NameNotFoundException done
Event: 2.940 Executing VM operation: CollectForMetadataAllocation


Dynamic libraries:
0x00007ff6f4ee0000 - 0x00007ff6f4eed000 	C:\Users\user\.jdks\openjdk-14.0.1\bin\java.exe
0x00007ffc90230000 - 0x00007ffc90428000 	C:\WINDOWS\SYSTEM32\ntdll.dll
0x00007ffc8ea10000 - 0x00007ffc8eacf000 	C:\WINDOWS\System32\KERNEL32.DLL
0x00007ffc8daa0000 - 0x00007ffc8dd7a000 	C:\WINDOWS\System32\KERNELBASE.dll
0x00007ffc8d9a0000 - 0x00007ffc8daa0000 	C:\WINDOWS\System32\ucrtbase.dll
0x00007ffc8a310000 - 0x00007ffc8a328000 	C:\Users\user\.jdks\openjdk-14.0.1\bin\jli.dll
0x00007ffc8a2d0000 - 0x00007ffc8a2e5000 	C:\Users\user\.jdks\openjdk-14.0.1\bin\VCRUNTIME140.dll
0x00007ffc8fb80000 - 0x00007ffc8fd1d000 	C:\WINDOWS\System32\USER32.dll
0x00007ffc8d940000 - 0x00007ffc8d962000 	C:\WINDOWS\System32\win32u.dll
0x00007ffc8f040000 - 0x00007ffc8f06b000 	C:\WINDOWS\System32\GDI32.dll
0x00007ffc8e180000 - 0x00007ffc8e290000 	C:\WINDOWS\System32\gdi32full.dll
0x00007ffc8de10000 - 0x00007ffc8dead000 	C:\WINDOWS\System32\msvcp_win.dll
0x00007ffc797e0000 - 0x00007ffc79a7a000 	C:\WINDOWS\WinSxS\amd64_microsoft.windows.common-controls_6595b64144ccf1df_6.0.19041.1110_none_60b5254171f9507e\COMCTL32.dll
0x00007ffc8fd90000 - 0x00007ffc8fe2e000 	C:\WINDOWS\System32\msvcrt.dll
0x00007ffc8e290000 - 0x00007ffc8e2c0000 	C:\WINDOWS\System32\IMM32.DLL
0x00007ffc88cb0000 - 0x00007ffc88d4b000 	C:\Users\user\.jdks\openjdk-14.0.1\bin\msvcp140.dll
0x00007ffc59270000 - 0x00007ffc59d8e000 	C:\Users\user\.jdks\openjdk-14.0.1\bin\server\jvm.dll
0x00007ffc8f4a0000 - 0x00007ffc8f54e000 	C:\WINDOWS\System32\ADVAPI32.dll
0x00007ffc8f130000 - 0x00007ffc8f1cc000 	C:\WINDOWS\System32\sechost.dll
0x00007ffc8fa50000 - 0x00007ffc8fb76000 	C:\WINDOWS\System32\RPCRT4.dll
0x00007ffc8f280000 - 0x00007ffc8f288000 	C:\WINDOWS\System32\PSAPI.DLL
0x00007ffc6b930000 - 0x00007ffc6b939000 	C:\WINDOWS\SYSTEM32\WSOCK32.dll
0x00007ffc8f9e0000 - 0x00007ffc8fa4b000 	C:\WINDOWS\System32\WS2_32.dll
0x00007ffc84850000 - 0x00007ffc8485a000 	C:\WINDOWS\SYSTEM32\VERSION.dll
0x00007ffc7ec50000 - 0x00007ffc7ec77000 	C:\WINDOWS\SYSTEM32\WINMM.dll
0x00007ffc8c1e0000 - 0x00007ffc8c1f2000 	C:\WINDOWS\SYSTEM32\kernel.appcore.dll
0x00007ffc8a2c0000 - 0x00007ffc8a2ca000 	C:\Users\user\.jdks\openjdk-14.0.1\bin\jimage.dll
0x00007ffc8bf70000 - 0x00007ffc8c154000 	C:\WINDOWS\SYSTEM32\DBGHELP.DLL
0x00007ffc77100000 - 0x00007ffc77134000 	C:\WINDOWS\SYSTEM32\dbgcore.DLL
0x00007ffc8dd80000 - 0x00007ffc8de02000 	C:\WINDOWS\System32\bcryptPrimitives.dll
0x00007ffc88c70000 - 0x00007ffc88c7e000 	C:\Users\user\.jdks\openjdk-14.0.1\bin\instrument.dll
0x00007ffc891b0000 - 0x00007ffc891d5000 	C:\Users\user\.jdks\openjdk-14.0.1\bin\java.dll
0x00007ffc89190000 - 0x00007ffc891a6000 	C:\Users\user\.jdks\openjdk-14.0.1\bin\zip.dll
0x00007ffc8e2c0000 - 0x00007ffc8ea04000 	C:\WINDOWS\System32\SHELL32.dll
0x00007ffc8b710000 - 0x00007ffc8bea3000 	C:\WINDOWS\SYSTEM32\windows.storage.dll
0x00007ffc8eb50000 - 0x00007ffc8eea4000 	C:\WINDOWS\System32\combase.dll
0x00007ffc8d3a0000 - 0x00007ffc8d3ce000 	C:\WINDOWS\SYSTEM32\Wldp.dll
0x00007ffc90140000 - 0x00007ffc901ed000 	C:\WINDOWS\System32\SHCORE.dll
0x00007ffc8f070000 - 0x00007ffc8f0c5000 	C:\WINDOWS\System32\shlwapi.dll
0x00007ffc8d880000 - 0x00007ffc8d89f000 	C:\WINDOWS\SYSTEM32\profapi.dll
0x00007ffc89170000 - 0x00007ffc89189000 	C:\Users\user\.jdks\openjdk-14.0.1\bin\net.dll
0x00007ffc84950000 - 0x00007ffc84a5a000 	C:\WINDOWS\SYSTEM32\WINHTTP.dll
0x00007ffc8d090000 - 0x00007ffc8d0fa000 	C:\WINDOWS\system32\mswsock.dll
0x00007ffc89150000 - 0x00007ffc89162000 	C:\Users\user\.jdks\openjdk-14.0.1\bin\nio.dll
0x00007ffc86d00000 - 0x00007ffc86d1a000 	C:\Program Files\JetBrains\IntelliJ IDEA 2023.1\bin\breakgen64.dll
0x00007ffc8cdc0000 - 0x00007ffc8ce8b000 	C:\WINDOWS\SYSTEM32\DNSAPI.dll
0x00007ffc8cd80000 - 0x00007ffc8cdbc000 	C:\WINDOWS\SYSTEM32\IPHLPAPI.DLL
0x00007ffc8fd20000 - 0x00007ffc8fd28000 	C:\WINDOWS\System32\NSI.dll
0x00007ffc74350000 - 0x00007ffc7435a000 	C:\Windows\System32\rasadhlp.dll
0x00007ffc74480000 - 0x00007ffc74500000 	C:\WINDOWS\System32\fwpuclnt.dll
0x00007ffc8d970000 - 0x00007ffc8d997000 	C:\WINDOWS\System32\bcrypt.dll
0x00007ffc88c60000 - 0x00007ffc88c69000 	C:\Users\user\.jdks\openjdk-14.0.1\bin\management.dll
0x00007ffc88bc0000 - 0x00007ffc88bcb000 	C:\Users\user\.jdks\openjdk-14.0.1\bin\management_ext.dll
0x00007ffc8d2f0000 - 0x00007ffc8d308000 	C:\WINDOWS\SYSTEM32\CRYPTSP.dll
0x00007ffc8c940000 - 0x00007ffc8c974000 	C:\WINDOWS\system32\rsaenh.dll
0x00007ffc8d840000 - 0x00007ffc8d86e000 	C:\WINDOWS\SYSTEM32\USERENV.dll
0x00007ffc8d310000 - 0x00007ffc8d31c000 	C:\WINDOWS\SYSTEM32\CRYPTBASE.dll
0x00007ffc84cf0000 - 0x00007ffc84d07000 	C:\WINDOWS\SYSTEM32\dhcpcsvc6.DLL
0x00007ffc84d30000 - 0x00007ffc84d4d000 	C:\WINDOWS\SYSTEM32\dhcpcsvc.DLL
0x00007ffc46ea0000 - 0x00007ffc46eb7000 	C:\WINDOWS\system32\napinsp.dll
0x00007ffc46b60000 - 0x00007ffc46b7b000 	C:\WINDOWS\system32\pnrpnsp.dll
0x00007ffc712d0000 - 0x00007ffc712e5000 	C:\WINDOWS\system32\wshbth.dll
0x00007ffc89070000 - 0x00007ffc8908d000 	C:\WINDOWS\system32\NLAapi.dll
0x00007ffc46b20000 - 0x00007ffc46b32000 	C:\WINDOWS\System32\winrnr.dll
0x00007ffc88c80000 - 0x00007ffc88c90000 	C:\Users\user\.jdks\openjdk-14.0.1\bin\verify.dll

dbghelp: loaded successfully - version: 4.0.5 - missing functions: none
symbol engine: initialized successfully - sym options: 0x614 - pdb path: .;C:\Users\user\.jdks\openjdk-14.0.1\bin;C:\WINDOWS\SYSTEM32;C:\WINDOWS\WinSxS\amd64_microsoft.windows.common-controls_6595b64144ccf1df_6.0.19041.1110_none_60b5254171f9507e;C:\Users\user\.jdks\openjdk-14.0.1\bin\server;C:\Program Files\JetBrains\IntelliJ IDEA 2023.1\bin

VM Arguments:
jvm_args: -XX:TieredStopAtLevel=1 -Dspring.output.ansi.enabled=always -Dcom.sun.management.jmxremote -Dspring.jmx.enabled=true -Dspring.liveBeansView.mbeanDomain -Dspring.application.admin.enabled=true -Dmanagement.endpoints.jmx.exposure.include=* -javaagent:C:\Program Files\JetBrains\IntelliJ IDEA 2023.1\lib\idea_rt.jar=54053:C:\Program Files\JetBrains\IntelliJ IDEA 2023.1\bin -Dfile.encoding=UTF-8 
java_command: com.example.demo.DemoApplication
java_class_path (initial): D:\diplom\target\classes;C:\Users\user\.m2\repository\org\springframework\boot\spring-boot-starter-web\2.6.0\spring-boot-starter-web-2.6.0.jar;C:\Users\user\.m2\repository\org\springframework\boot\spring-boot-starter\2.6.0\spring-boot-starter-2.6.0.jar;C:\Users\user\.m2\repository\org\springframework\boot\spring-boot\2.6.0\spring-boot-2.6.0.jar;C:\Users\user\.m2\repository\org\springframework\boot\spring-boot-autoconfigure\2.6.0\spring-boot-autoconfigure-2.6.0.jar;C:\Users\user\.m2\repository\org\springframework\boot\spring-boot-starter-logging\2.6.0\spring-boot-starter-logging-2.6.0.jar;C:\Users\user\.m2\repository\ch\qos\logback\logback-classic\1.2.7\logback-classic-1.2.7.jar;C:\Users\user\.m2\repository\ch\qos\logback\logback-core\1.2.7\logback-core-1.2.7.jar;C:\Users\user\.m2\repository\org\apache\logging\log4j\log4j-to-slf4j\2.14.1\log4j-to-slf4j-2.14.1.jar;C:\Users\user\.m2\repository\org\apache\logging\log4j\log4j-api\2.14.1\log4j-api-2.14.1.jar;C:\Users\user\.m2\repository\org\slf4j\jul-to-slf4j\1.7.32\jul-to-slf4j-1.7.32.jar;C:\Users\user\.m2\repository\jakarta\annotation\jakarta.annotation-api\1.3.5\jakarta.annotation-api-1.3.5.jar;C:\Users\user\.m2\repository\org\yaml\snakeyaml\1.29\snakeyaml-1.29.jar;C:\Users\user\.m2\repository\org\springframework\boot\spring-boot-starter-json\2.6.0\spring-boot-starter-json-2.6.0.jar;C:\Users\user\.m2\repository\com\fasterxml\jackson\core\jackson-databind\2.13.0\jackson-databind-2.13.0.jar;C:\Users\user\.m2\repository\com\fasterxml\jackson\core\jackson-annotations\2.13.0\jackson-annotations-2.13.0.jar;C:\Users\user\.m2\repository\com\fasterxml\jackson\core\jackson-core\2.13.0\jackson-core-2.13.0.jar;C:\Users\user\.m2\repository\com\fasterxml\jackson\datatype\jackson-datatype-jdk8\2.13.0\jackson-datatype-jdk8-2.13.0.jar;C:\Users\user\.m2\repository\com\fasterxml\jackson\datatype\jackson-datatype-jsr310\2.13.0\jackson-datatype-jsr310-2.13.0.jar;C:\Users\user\.m2\repository\com\fasterxml\jackso
Launcher Type: SUN_STANDARD

[Global flags]
     intx CICompilerCount                          = 3                                         {product} {ergonomic}
     uint ConcGCThreads                            = 1                                         {product} {ergonomic}
     uint G1ConcRefinementThreads                  = 4                                         {product} {ergonomic}
   size_t G1HeapRegionSize                         = 1048576                                   {product} {ergonomic}
    uintx GCDrainStackTargetSize                   = 64                                        {product} {ergonomic}
   size_t InitialHeapSize                          = 100663296                                 {product} {ergonomic}
     bool ManagementServer                         = true                                      {product} {command line}
   size_t MarkStackSize                            = 4194304                                   {product} {ergonomic}
   size_t MaxHeapSize                              = 1598029824                                {product} {ergonomic}
   size_t MaxNewSize                               = 958398464                                 {product} {ergonomic}
   size_t MinHeapDeltaBytes                        = 1048576                                   {product} {ergonomic}
   size_t MinHeapSize                              = 8388608                                   {product} {ergonomic}
    uintx NonNMethodCodeHeapSize                   = 6973028                                {pd product} {ergonomic}
    uintx NonProfiledCodeHeapSize                  = 244685212                              {pd product} {ergonomic}
    uintx ProfiledCodeHeapSize                     = 0                                      {pd product} {ergonomic}
    uintx ReservedCodeCacheSize                    = 251658240                              {pd product} {ergonomic}
     bool SegmentedCodeCache                       = true                                      {product} {ergonomic}
   size_t SoftMaxHeapSize                          = 1598029824                             {manageable} {ergonomic}
     intx TieredStopAtLevel                        = 1                                         {product} {command line}
     bool UseCompressedClassPointers               = true                                 {lp64_product} {ergonomic}
     bool UseCompressedOops                        = true                                 {lp64_product} {ergonomic}
     bool UseG1GC                                  = true                                      {product} {ergonomic}
     bool UseLargePagesIndividualAllocation        = false                                  {pd product} {ergonomic}

Logging:
Log output configuration:
 #0: stdout all=warning uptime,level,tags
 #1: stderr all=off uptime,level,tags

Environment Variables:
PATH=C:\Program Files (x86)\Common Files\Oracle\Java\javapath;C:\WINDOWS\system32;C:\WINDOWS;C:\WINDOWS\System32\Wbem;C:\WINDOWS\System32\WindowsPowerShell\v1.0\;C:\WINDOWS\System32\OpenSSH\;C:\Program Files\MATLAB\R2016a\runtime\win64;C:\Program Files\MATLAB\R2016a\bin;C:\Program Files\MATLAB\R2016a\polyspace\bin;C:\Program Files\Polyspace\R2020a\runtime\win64;C:\Program Files\Polyspace\R2020a\bin;C:\Program Files\Polyspace\R2020a\polyspace\bin;C:\Program Files\Microsoft SQL Server\130\Tools\Binn\;C:\Program Files\nodejs\;C:\Program Files\dotnet\;C:\Program Files\Git\cmd;C:\Users\user\AppData\Local\Packages\PythonSoftwareFoundation.Python.3.10_qbz5n2kfra8p0\LocalCache;C:\Users\user\AppData\Local\Programs\Python\Python310\;C:\Users\user\AppData\Local\Programs\Python\Python310\Scripts\;C:\Users\user\AppData\Local\Programs\Python\Python37\Scripts\;C:\Users\user\AppData\Local\Programs\Python\Python37\;C:\Users\user\AppData\Local\Programs\Python\Python311\Scripts\;C:\Users\user\AppData\Local\Programs\Python\Python311\;C:\Users\user\AppData\Roaming\npm;C:\Users\user\.dotnet\tools;
USERNAME=user
OS=Windows_NT
PROCESSOR_IDENTIFIER=AMD64 Family 23 Model 24 Stepping 1, AuthenticAMD



---------------  S Y S T E M  ---------------

OS: Windows 10 , 64 bit Build 19041 (10.0.19041.2788)
OS uptime: 4 days 2:06 hours

CPU:total 4 (initial active 4) (4 cores per cpu, 2 threads per core) family 23 model 24 stepping 1, cmov, cx8, fxsr, mmx, sse, sse2, sse3, ssse3, sse4.1, sse4.2, popcnt, avx, avx2, aes, clmul, mmxext, 3dnowpref, lzcnt, sse4a, ht, tsc, tscinvbit, tscinv, bmi1, bmi2, adx, sha, fma

Memory: 4k page, system-wide physical 6090M (1292M free)
TotalPageFile size 8357M (AvailPageFile size 8M)
current process WorkingSet (physical memory assigned to process): 134M, peak: 134M
current process commit charge ("private bytes"): 201M, peak: 221M

vm_info: OpenJDK 64-Bit Server VM (14.0.1+7) for windows-amd64 JRE (14.0.1+7), built on Mar  5 2020 10:30:04 by "mach5one" with MS VC++ 15.9 (VS2017)

END.
